2019-05-15 08:51:57 | DEBUG | 1014 | 5cdb62abcfa10 | 1557881517.256 | select  scenic_spot_id,sum(num) as num from reception_num   where date between '2019-05-10' and '2019-05-14'   group by scenic_spot_id
2019-05-15 08:51:57 | DEBUG | 1014 | 5cdb62abcfa10 | 1557881517.855 | select  ticket_from,sum(case when ticket_type_id='1' THEN ticket_num ELSE 0 END) as student, 
                    sum(case when ticket_type_id='2' THEN ticket_num ELSE 0 END) as man,
                    sum(case when ticket_type_id='3' THEN ticket_num ELSE 0 END) as free from ticket_type   where scenic_spot_id = '2' AND date between '2019-05-10' and '2019-05-14'   group by ticket_from
2019-05-15 08:51:57 | DEBUG | 1014 | 5cdb62abcfa10 | 1557881517.882 | select  ticket_from,sum(case when ticket_type_id='1' THEN ticket_num ELSE 0 END) as student, 
                    sum(case when ticket_type_id='2' THEN ticket_num ELSE 0 END) as man,
                    sum(case when ticket_type_id='3' THEN ticket_num ELSE 0 END) as free from ticket_type   where scenic_spot_id = '1' AND ticket_of = '1' AND date between '2019-05-10' and '2019-05-14'   group by ticket_from
2019-05-15 08:51:57 | DEBUG | 1014 | 5cdb62abcfa10 | 1557881517.925 | select  ticket_from,sum(case when ticket_type_id='1' THEN ticket_num ELSE 0 END) as student, 
                    sum(case when ticket_type_id='2' THEN ticket_num ELSE 0 END) as man,
                    sum(case when ticket_type_id='3' THEN ticket_num ELSE 0 END) as free from ticket_type   where scenic_spot_id = '1' AND ticket_of = '2' AND date between '2019-05-10' and '2019-05-14'   group by ticket_from
2019-05-15 08:51:57 | DEBUG | 1014 | 5cdb62abcfa10 | 1557881517.926 | select  ticket_from,sum(case when ticket_type_id='1' THEN ticket_num ELSE 0 END) as student, 
                    sum(case when ticket_type_id='2' THEN ticket_num ELSE 0 END) as man,
                    sum(case when ticket_type_id='3' THEN ticket_num ELSE 0 END) as free from ticket_type   where scenic_spot_id = '3' AND ticket_of = '1' AND date between '2019-05-10' and '2019-05-14'   group by ticket_from
2019-05-15 08:51:57 | DEBUG | 1014 | 5cdb62abcfa10 | 1557881517.928 | select  ticket_from,sum(case when ticket_type_id='1' THEN ticket_num ELSE 0 END) as student, 
                    sum(case when ticket_type_id='2' THEN ticket_num ELSE 0 END) as man,
                    sum(case when ticket_type_id='3' THEN ticket_num ELSE 0 END) as free from ticket_type   where scenic_spot_id = '3' AND ticket_of = '2' AND date between '2019-05-10' and '2019-05-14'   group by ticket_from
2019-05-15 08:52:58 | DEBUG | 1013 | 5cdb62ea7d75a | 1557881578.602 | select  * from ticket_type   where scenic_spot_id=3 AND ticket_type_id=1 AND ticket_of=1 AND ticket_from=2 AND date = '2019-05-15'
2019-05-15 08:52:58 | DEBUG | 1013 | 5cdb62ea7d75a | 1557881578.733 | insert into ticket_type(date,scenic_spot_id,ticket_type_id,ticket_of,ticket_from,ticket_num) values('2019-05-15','3','1','1','2','250')
2019-05-15 08:52:58 | DEBUG | 1013 | 5cdb62ea7d75a | 1557881578.735 | select  * from ticket_type   where scenic_spot_id=3 AND ticket_type_id=2 AND ticket_of=1 AND ticket_from=2 AND date = '2019-05-15'
2019-05-15 08:52:58 | DEBUG | 1013 | 5cdb62ea7d75a | 1557881578.736 | insert into ticket_type(date,scenic_spot_id,ticket_type_id,ticket_of,ticket_from,ticket_num) values('2019-05-15','3','2','1','2','135')
2019-05-15 08:52:58 | DEBUG | 1013 | 5cdb62ea7d75a | 1557881578.737 | select  * from ticket_type   where scenic_spot_id=3 AND ticket_type_id=3 AND ticket_of=1 AND ticket_from=2 AND date = '2019-05-15'
2019-05-15 08:52:58 | DEBUG | 1013 | 5cdb62ea7d75a | 1557881578.751 | insert into ticket_type(date,scenic_spot_id,ticket_type_id,ticket_of,ticket_from,ticket_num) values('2019-05-15','3','3','1','2','25')
2019-05-15 08:52:58 | DEBUG | 1013 | 5cdb62ea7d75a | 1557881578.752 | select  * from ticket_type   where scenic_spot_id=3 AND ticket_type_id=2 AND ticket_of=2 AND ticket_from=2 AND date = '2019-05-15'
2019-05-15 08:52:58 | DEBUG | 1013 | 5cdb62ea7d75a | 1557881578.754 | insert into ticket_type(date,scenic_spot_id,ticket_type_id,ticket_of,ticket_from,ticket_num) values('2019-05-15','3','2','2','2','100')
2019-05-15 08:52:58 | DEBUG | 1013 | 5cdb62ea7d75a | 1557881578.755 | select  * from ticket_type   where scenic_spot_id=3 AND ticket_type_id=1 AND ticket_of=2 AND ticket_from=2 AND date = '2019-05-15'
2019-05-15 08:52:58 | DEBUG | 1013 | 5cdb62ea7d75a | 1557881578.756 | insert into ticket_type(date,scenic_spot_id,ticket_type_id,ticket_of,ticket_from,ticket_num) values('2019-05-15','3','1','2','2','10')
2019-05-15 08:53:09 | DEBUG | 4033 | 5cdb62f4dcc13 | 1557881589.346 | select  scenic_spot_id,sum(num) as num from reception_num   where date between '2019-05-10' and '2019-05-15'   group by scenic_spot_id
2019-05-15 08:53:09 | DEBUG | 4033 | 5cdb62f4dcc13 | 1557881589.429 | select  ticket_from,sum(case when ticket_type_id='1' THEN ticket_num ELSE 0 END) as student, 
                    sum(case when ticket_type_id='2' THEN ticket_num ELSE 0 END) as man,
                    sum(case when ticket_type_id='3' THEN ticket_num ELSE 0 END) as free from ticket_type   where scenic_spot_id = '2' AND date between '2019-05-10' and '2019-05-15'   group by ticket_from
2019-05-15 08:53:09 | DEBUG | 4033 | 5cdb62f4dcc13 | 1557881589.431 | select  ticket_from,sum(case when ticket_type_id='1' THEN ticket_num ELSE 0 END) as student, 
                    sum(case when ticket_type_id='2' THEN ticket_num ELSE 0 END) as man,
                    sum(case when ticket_type_id='3' THEN ticket_num ELSE 0 END) as free from ticket_type   where scenic_spot_id = '1' AND ticket_of = '1' AND date between '2019-05-10' and '2019-05-15'   group by ticket_from
2019-05-15 08:53:09 | DEBUG | 4033 | 5cdb62f4dcc13 | 1557881589.432 | select  ticket_from,sum(case when ticket_type_id='1' THEN ticket_num ELSE 0 END) as student, 
                    sum(case when ticket_type_id='2' THEN ticket_num ELSE 0 END) as man,
                    sum(case when ticket_type_id='3' THEN ticket_num ELSE 0 END) as free from ticket_type   where scenic_spot_id = '1' AND ticket_of = '2' AND date between '2019-05-10' and '2019-05-15'   group by ticket_from
2019-05-15 08:53:09 | DEBUG | 4033 | 5cdb62f4dcc13 | 1557881589.433 | select  ticket_from,sum(case when ticket_type_id='1' THEN ticket_num ELSE 0 END) as student, 
                    sum(case when ticket_type_id='2' THEN ticket_num ELSE 0 END) as man,
                    sum(case when ticket_type_id='3' THEN ticket_num ELSE 0 END) as free from ticket_type   where scenic_spot_id = '3' AND ticket_of = '1' AND date between '2019-05-10' and '2019-05-15'   group by ticket_from
2019-05-15 08:53:09 | DEBUG | 4033 | 5cdb62f4dcc13 | 1557881589.434 | select  ticket_from,sum(case when ticket_type_id='1' THEN ticket_num ELSE 0 END) as student, 
                    sum(case when ticket_type_id='2' THEN ticket_num ELSE 0 END) as man,
                    sum(case when ticket_type_id='3' THEN ticket_num ELSE 0 END) as free from ticket_type   where scenic_spot_id = '3' AND ticket_of = '2' AND date between '2019-05-10' and '2019-05-15'   group by ticket_from
2019-05-15 09:22:35 | DEBUG | 1013 | 5cdb69db3c4a8 | 1557883355.611 | select  sum(hotel_occupancy_num) as hotel_occupancy_num from hotel_occupancy   where date ='2019-05-15'
2019-05-15 09:24:27 | DEBUG | 1014 | 5cdb6a4ba0c68 | 1557883467.736 | select  * from hotel_occupancy   where hotel_id=1 AND room_type=1 AND date = '2019-05-15'
2019-05-15 09:24:27 | DEBUG | 1014 | 5cdb6a4ba0c68 | 1557883467.743 | insert into hotel_occupancy(date,hotel_id,room_type,hotel_occupancy_num) values('2019-05-15','1','1','50')
2019-05-15 09:24:27 | DEBUG | 1014 | 5cdb6a4ba0c68 | 1557883467.744 | select  * from hotel_occupancy   where hotel_id=1 AND room_type=2 AND date = '2019-05-15'
2019-05-15 09:24:27 | DEBUG | 1014 | 5cdb6a4ba0c68 | 1557883467.745 | insert into hotel_occupancy(date,hotel_id,room_type,hotel_occupancy_num) values('2019-05-15','1','2','15')
2019-05-15 09:24:27 | DEBUG | 1014 | 5cdb6a4ba0c68 | 1557883467.746 | select  * from hotel_occupancy   where hotel_id=1 AND room_type=3 AND date = '2019-05-15'
2019-05-15 09:24:27 | DEBUG | 1014 | 5cdb6a4ba0c68 | 1557883467.746 | insert into hotel_occupancy(date,hotel_id,room_type,hotel_occupancy_num) values('2019-05-15','1','3','5')
2019-05-15 09:24:27 | DEBUG | 1014 | 5cdb6a4ba0c68 | 1557883467.747 | select  * from hotel_occupancy   where hotel_id=2 AND room_type=1 AND date = '2019-05-15'
2019-05-15 09:24:27 | DEBUG | 1014 | 5cdb6a4ba0c68 | 1557883467.748 | insert into hotel_occupancy(date,hotel_id,room_type,hotel_occupancy_num) values('2019-05-15','2','1','10')
2019-05-15 09:24:27 | DEBUG | 1014 | 5cdb6a4ba0c68 | 1557883467.749 | select  * from hotel_occupancy   where hotel_id=2 AND room_type=2 AND date = '2019-05-15'
2019-05-15 09:24:27 | DEBUG | 1014 | 5cdb6a4ba0c68 | 1557883467.750 | insert into hotel_occupancy(date,hotel_id,room_type,hotel_occupancy_num) values('2019-05-15','2','2','12')
2019-05-15 09:24:27 | DEBUG | 1014 | 5cdb6a4ba0c68 | 1557883467.751 | select  * from hotel_occupancy   where hotel_id=2 AND room_type=3 AND date = '2019-05-15'
2019-05-15 09:24:27 | DEBUG | 1014 | 5cdb6a4ba0c68 | 1557883467.752 | insert into hotel_occupancy(date,hotel_id,room_type,hotel_occupancy_num) values('2019-05-15','2','3','13')
2019-05-15 09:24:27 | DEBUG | 1014 | 5cdb6a4ba0c68 | 1557883467.753 | select  * from hotel_occupancy   where hotel_id=3 AND room_type=1 AND date = '2019-05-15'
2019-05-15 09:24:27 | DEBUG | 1014 | 5cdb6a4ba0c68 | 1557883467.753 | insert into hotel_occupancy(date,hotel_id,room_type,hotel_occupancy_num) values('2019-05-15','3','1','16')
2019-05-15 09:24:27 | DEBUG | 1014 | 5cdb6a4ba0c68 | 1557883467.754 | select  * from hotel_occupancy   where hotel_id=3 AND room_type=2 AND date = '2019-05-15'
2019-05-15 09:24:27 | DEBUG | 1014 | 5cdb6a4ba0c68 | 1557883467.755 | insert into hotel_occupancy(date,hotel_id,room_type,hotel_occupancy_num) values('2019-05-15','3','2','20')
2019-05-15 09:24:27 | DEBUG | 1014 | 5cdb6a4ba0c68 | 1557883467.756 | select  * from hotel_occupancy   where hotel_id=3 AND room_type=3 AND date = '2019-05-15'
2019-05-15 09:24:27 | DEBUG | 1014 | 5cdb6a4ba0c68 | 1557883467.757 | insert into hotel_occupancy(date,hotel_id,room_type,hotel_occupancy_num) values('2019-05-15','3','3','23')
2019-05-15 09:24:27 | DEBUG | 1014 | 5cdb6a4ba0c68 | 1557883467.758 | select  * from hotel_occupancy   where hotel_id=4 AND room_type=1 AND date = '2019-05-15'
2019-05-15 09:24:27 | DEBUG | 1014 | 5cdb6a4ba0c68 | 1557883467.758 | insert into hotel_occupancy(date,hotel_id,room_type,hotel_occupancy_num) values('2019-05-15','4','1','11')
2019-05-15 09:24:27 | DEBUG | 1014 | 5cdb6a4ba0c68 | 1557883467.759 | select  * from hotel_occupancy   where hotel_id=4 AND room_type=2 AND date = '2019-05-15'
2019-05-15 09:24:27 | DEBUG | 1014 | 5cdb6a4ba0c68 | 1557883467.760 | insert into hotel_occupancy(date,hotel_id,room_type,hotel_occupancy_num) values('2019-05-15','4','2','17')
2019-05-15 09:24:27 | DEBUG | 1014 | 5cdb6a4ba0c68 | 1557883467.761 | select  * from hotel_occupancy   where hotel_id=4 AND room_type=3 AND date = '2019-05-15'
2019-05-15 09:24:27 | DEBUG | 1014 | 5cdb6a4ba0c68 | 1557883467.761 | insert into hotel_occupancy(date,hotel_id,room_type,hotel_occupancy_num) values('2019-05-15','4','3','36')
2019-05-15 09:24:27 | DEBUG | 1014 | 5cdb6a4ba0c68 | 1557883467.762 | select  * from hotel_occupancy   where hotel_id=5 AND room_type=1 AND date = '2019-05-15'
2019-05-15 09:24:27 | DEBUG | 1014 | 5cdb6a4ba0c68 | 1557883467.762 | insert into hotel_occupancy(date,hotel_id,room_type,hotel_occupancy_num) values('2019-05-15','5','1','25')
2019-05-15 09:24:27 | DEBUG | 1014 | 5cdb6a4ba0c68 | 1557883467.763 | select  * from hotel_occupancy   where hotel_id=5 AND room_type=2 AND date = '2019-05-15'
2019-05-15 09:24:27 | DEBUG | 1014 | 5cdb6a4ba0c68 | 1557883467.764 | insert into hotel_occupancy(date,hotel_id,room_type,hotel_occupancy_num) values('2019-05-15','5','2','30')
2019-05-15 09:24:27 | DEBUG | 1014 | 5cdb6a4ba0c68 | 1557883467.765 | select  * from hotel_occupancy   where hotel_id=5 AND room_type=3 AND date = '2019-05-15'
2019-05-15 09:24:27 | DEBUG | 1014 | 5cdb6a4ba0c68 | 1557883467.765 | insert into hotel_occupancy(date,hotel_id,room_type,hotel_occupancy_num) values('2019-05-15','5','3','32')
2019-05-15 09:24:27 | DEBUG | 1014 | 5cdb6a4ba0c68 | 1557883467.766 | select  * from hotel_occupancy   where hotel_id=6 AND room_type=1 AND date = '2019-05-15'
2019-05-15 09:24:27 | DEBUG | 1014 | 5cdb6a4ba0c68 | 1557883467.767 | insert into hotel_occupancy(date,hotel_id,room_type,hotel_occupancy_num) values('2019-05-15','6','1','33')
2019-05-15 09:24:27 | DEBUG | 1014 | 5cdb6a4ba0c68 | 1557883467.768 | select  * from hotel_occupancy   where hotel_id=6 AND room_type=2 AND date = '2019-05-15'
2019-05-15 09:24:27 | DEBUG | 1014 | 5cdb6a4ba0c68 | 1557883467.768 | insert into hotel_occupancy(date,hotel_id,room_type,hotel_occupancy_num) values('2019-05-15','6','2','35')
2019-05-15 09:24:27 | DEBUG | 1014 | 5cdb6a4ba0c68 | 1557883467.769 | select  * from hotel_occupancy   where hotel_id=6 AND room_type=3 AND date = '2019-05-15'
2019-05-15 09:24:27 | DEBUG | 1014 | 5cdb6a4ba0c68 | 1557883467.770 | insert into hotel_occupancy(date,hotel_id,room_type,hotel_occupancy_num) values('2019-05-15','6','3','36')
2019-05-15 09:24:27 | DEBUG | 1014 | 5cdb6a4ba0c68 | 1557883467.771 | select  * from hotel_occupancy   where hotel_id=7 AND room_type=1 AND date = '2019-05-15'
2019-05-15 09:24:27 | DEBUG | 1014 | 5cdb6a4ba0c68 | 1557883467.771 | insert into hotel_occupancy(date,hotel_id,room_type,hotel_occupancy_num) values('2019-05-15','7','1','25')
2019-05-15 09:24:27 | DEBUG | 1014 | 5cdb6a4ba0c68 | 1557883467.772 | select  * from hotel_occupancy   where hotel_id=7 AND room_type=2 AND date = '2019-05-15'
2019-05-15 09:24:27 | DEBUG | 1014 | 5cdb6a4ba0c68 | 1557883467.773 | insert into hotel_occupancy(date,hotel_id,room_type,hotel_occupancy_num) values('2019-05-15','7','2','15')
2019-05-15 09:24:27 | DEBUG | 1014 | 5cdb6a4ba0c68 | 1557883467.774 | select  * from hotel_occupancy   where hotel_id=7 AND room_type=3 AND date = '2019-05-15'
2019-05-15 09:24:27 | DEBUG | 1014 | 5cdb6a4ba0c68 | 1557883467.774 | insert into hotel_occupancy(date,hotel_id,room_type,hotel_occupancy_num) values('2019-05-15','7','3','25')
2019-05-15 09:24:27 | DEBUG | 1014 | 5cdb6a4ba0c68 | 1557883467.775 | select  * from hotel_occupancy   where hotel_id=8 AND room_type=1 AND date = '2019-05-15'
2019-05-15 09:24:27 | DEBUG | 1014 | 5cdb6a4ba0c68 | 1557883467.776 | insert into hotel_occupancy(date,hotel_id,room_type,hotel_occupancy_num) values('2019-05-15','8','1','45')
2019-05-15 09:24:27 | DEBUG | 1014 | 5cdb6a4ba0c68 | 1557883467.777 | select  * from hotel_occupancy   where hotel_id=8 AND room_type=2 AND date = '2019-05-15'
2019-05-15 09:24:27 | DEBUG | 1014 | 5cdb6a4ba0c68 | 1557883467.777 | insert into hotel_occupancy(date,hotel_id,room_type,hotel_occupancy_num) values('2019-05-15','8','2','28')
2019-05-15 09:24:27 | DEBUG | 1014 | 5cdb6a4ba0c68 | 1557883467.778 | select  * from hotel_occupancy   where hotel_id=8 AND room_type=3 AND date = '2019-05-15'
2019-05-15 09:24:27 | DEBUG | 1014 | 5cdb6a4ba0c68 | 1557883467.778 | insert into hotel_occupancy(date,hotel_id,room_type,hotel_occupancy_num) values('2019-05-15','8','3','16')
2019-05-15 09:24:27 | DEBUG | 1014 | 5cdb6a4ba0c68 | 1557883467.779 | select  * from hotel_occupancy   where hotel_id=9 AND room_type=1 AND date = '2019-05-15'
2019-05-15 09:24:27 | DEBUG | 1014 | 5cdb6a4ba0c68 | 1557883467.780 | insert into hotel_occupancy(date,hotel_id,room_type,hotel_occupancy_num) values('2019-05-15','9','1','25')
2019-05-15 09:24:27 | DEBUG | 1014 | 5cdb6a4ba0c68 | 1557883467.780 | select  * from hotel_occupancy   where hotel_id=9 AND room_type=2 AND date = '2019-05-15'
2019-05-15 09:24:27 | DEBUG | 1014 | 5cdb6a4ba0c68 | 1557883467.781 | insert into hotel_occupancy(date,hotel_id,room_type,hotel_occupancy_num) values('2019-05-15','9','2','45')
2019-05-15 09:24:27 | DEBUG | 1014 | 5cdb6a4ba0c68 | 1557883467.782 | select  * from hotel_occupancy   where hotel_id=9 AND room_type=3 AND date = '2019-05-15'
2019-05-15 09:24:27 | DEBUG | 1014 | 5cdb6a4ba0c68 | 1557883467.782 | insert into hotel_occupancy(date,hotel_id,room_type,hotel_occupancy_num) values('2019-05-15','9','3','2')
2019-05-15 09:24:33 | DEBUG | 1013 | 5cdb6a517e0c2 | 1557883473.679 | select  sum(hotel_occupancy_num) as hotel_occupancy_num from hotel_occupancy   where date ='2019-05-15'
2019-05-15 10:08:33 | DEBUG | 1014 | 5cdb74a163a52 | 1557886113.701 | select  sum(hotel_occupancy_num) as hotel_occupancy_num from hotel_occupancy   where date ='2019-05-15'
2019-05-15 10:08:33 | DEBUG | 1014 | 5cdb74a163a52 | 1557886113.702 | select  hotel_id,sum(CASE WHEN room_type='1' THEN hotel_occupancy_num ELSE 0 END) as standard,
            sum(CASE WHEN room_type='2' THEN hotel_occupancy_num ELSE 0 END) as standard,
            sum(CASE WHEN room_type='3' THEN hotel_occupancy_num ELSE 0 END) as standard from hotel_occupancy   where date = '2019-05-15'   group by hotel_id
2019-05-15 10:09:27 | DEBUG | 4033 | 5cdb74d741460 | 1557886167.367 | select  sum(hotel_occupancy_num) as hotel_occupancy_num from hotel_occupancy   where date ='2019-05-15'
2019-05-15 10:09:27 | DEBUG | 4033 | 5cdb74d741460 | 1557886167.369 | select  hotel_id,sum(CASE WHEN room_type='1' THEN hotel_occupancy_num ELSE 0 END) as standard,
            sum(CASE WHEN room_type='2' THEN hotel_occupancy_num ELSE 0 END) as kingsize,
            sum(CASE WHEN room_type='3' THEN hotel_occupancy_num ELSE 0 END) as other from hotel_occupancy   where date = '2019-05-15'   group by hotel_id
2019-05-15 10:15:09 | DEBUG | 1014 | 5cdb762dbfbf4 | 1557886509.838 | select  * from hotel_occupancy   where hotel_id=1 AND room_type=1 AND date = '2019-05-15'
2019-05-15 10:15:09 | DEBUG | 1014 | 5cdb762dbfbf4 | 1557886509.884 | insert into hotel_occupancy(date,hotel_id,room_type,hotel_occupancy_num) values('2019-05-15','1','1','18')
2019-05-15 10:15:09 | DEBUG | 1014 | 5cdb762dbfbf4 | 1557886509.886 | select  * from hotel_occupancy   where hotel_id=1 AND room_type=2 AND date = '2019-05-15'
2019-05-15 10:15:09 | DEBUG | 1014 | 5cdb762dbfbf4 | 1557886509.889 | insert into hotel_occupancy(date,hotel_id,room_type,hotel_occupancy_num) values('2019-05-15','1','2','19')
2019-05-15 10:15:09 | DEBUG | 1014 | 5cdb762dbfbf4 | 1557886509.891 | select  * from hotel_occupancy   where hotel_id=1 AND room_type=3 AND date = '2019-05-15'
2019-05-15 10:15:09 | DEBUG | 1014 | 5cdb762dbfbf4 | 1557886509.892 | insert into hotel_occupancy(date,hotel_id,room_type,hotel_occupancy_num) values('2019-05-15','1','3','20')
2019-05-15 10:15:09 | DEBUG | 1014 | 5cdb762dbfbf4 | 1557886509.893 | select  * from hotel_occupancy   where hotel_id=2 AND room_type=1 AND date = '2019-05-15'
2019-05-15 10:15:09 | DEBUG | 1014 | 5cdb762dbfbf4 | 1557886509.894 | insert into hotel_occupancy(date,hotel_id,room_type,hotel_occupancy_num) values('2019-05-15','2','1','25')
2019-05-15 10:15:09 | DEBUG | 1014 | 5cdb762dbfbf4 | 1557886509.897 | select  * from hotel_occupancy   where hotel_id=2 AND room_type=2 AND date = '2019-05-15'
2019-05-15 10:15:09 | DEBUG | 1014 | 5cdb762dbfbf4 | 1557886509.899 | insert into hotel_occupancy(date,hotel_id,room_type,hotel_occupancy_num) values('2019-05-15','2','2','24')
2019-05-15 10:15:09 | DEBUG | 1014 | 5cdb762dbfbf4 | 1557886509.900 | select  * from hotel_occupancy   where hotel_id=3 AND room_type=1 AND date = '2019-05-15'
2019-05-15 10:15:09 | DEBUG | 1014 | 5cdb762dbfbf4 | 1557886509.901 | insert into hotel_occupancy(date,hotel_id,room_type,hotel_occupancy_num) values('2019-05-15','3','1','11')
2019-05-15 10:15:14 | DEBUG | 1013 | 5cdb76320ddc4 | 1557886514.58 | select  sum(hotel_occupancy_num) as hotel_occupancy_num from hotel_occupancy   where date ='2019-05-15'
2019-05-15 10:15:14 | DEBUG | 1013 | 5cdb76320ddc4 | 1557886514.59 | select  hotel_id,sum(CASE WHEN room_type='1' THEN hotel_occupancy_num ELSE 0 END) as standard,
            sum(CASE WHEN room_type='2' THEN hotel_occupancy_num ELSE 0 END) as kingsize,
            sum(CASE WHEN room_type='3' THEN hotel_occupancy_num ELSE 0 END) as other from hotel_occupancy   where date = '2019-05-15'   group by hotel_id
2019-05-15 10:29:38 | DEBUG | 1014 | 5cdb79924fc2d | 1557887378.559 | select  sum(hotel_occupancy_num) as hotel_occupancy_num from hotel_occupancy   where date ='2019-05-15'
2019-05-15 10:29:38 | DEBUG | 1014 | 5cdb79924fc2d | 1557887378.561 | select  hotel_id,sum(CASE WHEN room_type='1' THEN hotel_occupancy_num ELSE 0 END) as standard,
            sum(CASE WHEN room_type='2' THEN hotel_occupancy_num ELSE 0 END) as kingsize,
            sum(CASE WHEN room_type='3' THEN hotel_occupancy_num ELSE 0 END) as other from hotel_occupancy   where date = '2019-05-15'   group by hotel_id
2019-05-15 10:45:11 | DEBUG | 1013 | 5cdb7d37cf101 | 1557888311.888 | select  sum(hotel_occupancy_num) as hotel_occupancy_num from hotel_occupancy   where date ='2019-05-15'
2019-05-15 10:45:11 | DEBUG | 1013 | 5cdb7d37cf101 | 1557888311.889 | select  hotel_id,sum(CASE WHEN room_type='1' THEN hotel_occupancy_num ELSE 0 END) as standard_occupancy,
            sum(CASE WHEN room_type='2' THEN hotel_occupancy_num ELSE 0 END) as kingsize_occupancy,
            sum(CASE WHEN room_type='3' THEN hotel_occupancy_num ELSE 0 END) as other_occupancy from hotel_occupancy   where date = '2019-05-15'   group by hotel_id
2019-05-15 10:56:05 | DEBUG | 1014 | 5cdb7fc562218 | 1557888965.509 | select  sum(hotel_occupancy_num) as hotel_occupancy_num from hotel_occupancy   where date ='2019-05-15'
2019-05-15 10:56:05 | DEBUG | 1014 | 5cdb7fc562218 | 1557888965.510 | select  hotel_id,sum(CASE WHEN room_type='1' THEN hotel_occupancy_num ELSE 0 END) as standard_occupancy,
            sum(CASE WHEN room_type='2' THEN hotel_occupancy_num ELSE 0 END) as kingsize_occupancy,
            sum(CASE WHEN room_type='3' THEN hotel_occupancy_num ELSE 0 END) as other_occupancy from hotel_occupancy   where date = '2019-05-15'   group by hotel_id
2019-05-15 10:57:08 | DEBUG | 4033 | 5cdb800402d56 | 1557889028.63 | select  sum(hotel_occupancy_num) as hotel_occupancy_num from hotel_occupancy   where date ='2019-05-15'
2019-05-15 10:57:08 | DEBUG | 4033 | 5cdb800402d56 | 1557889028.63 | select  hotel_id,sum(CASE WHEN room_type='1' THEN hotel_occupancy_num ELSE 0 END) as standard_occupancy,
            sum(CASE WHEN room_type='2' THEN hotel_occupancy_num ELSE 0 END) as kingsize_occupancy,
            sum(CASE WHEN room_type='3' THEN hotel_occupancy_num ELSE 0 END) as other_occupancy from hotel_occupancy   where date = '2019-05-15'   group by hotel_id
2019-05-15 11:26:01 | DEBUG | 6983 | 5cdb86c9ae962 | 1557890761.885 | select  id,date,car_number from car_info   where is_analysisided = 0
2019-05-15 11:31:24 | DEBUG | 1013 | 5cdb880c0ee5b | 1557891084.358 | select  sum(hotel_occupancy_num) as hotel_occupancy_num from hotel_occupancy   where date ='2019-05-15'
2019-05-15 11:31:24 | DEBUG | 1013 | 5cdb880c0ee5b | 1557891084.359 | select  hotel_id,sum(CASE WHEN room_type='1' THEN hotel_occupancy_num ELSE 0 END) as standard_occupancy,
            sum(CASE WHEN room_type='2' THEN hotel_occupancy_num ELSE 0 END) as kingsize_occupancy,
            sum(CASE WHEN room_type='3' THEN hotel_occupancy_num ELSE 0 END) as other_occupancy from hotel_occupancy   where date = '2019-05-15'   group by hotel_id
2019-05-15 11:39:30 | DEBUG | 1014 | 5cdb89f2b7038 | 1557891570.800 | select  sum(hotel_occupancy_num) as hotel_occupancy_num from hotel_occupancy   where date ='2019-05-15'
2019-05-15 11:39:30 | DEBUG | 1014 | 5cdb89f2b7038 | 1557891570.801 | select  hotel_id,sum(CASE WHEN room_type='1' THEN hotel_occupancy_num ELSE 0 END) as standard_occupancy,
            sum(CASE WHEN room_type='2' THEN hotel_occupancy_num ELSE 0 END) as kingsize_occupancy,
            sum(CASE WHEN room_type='3' THEN hotel_occupancy_num ELSE 0 END) as other_occupancy from hotel_occupancy   where date = '2019-05-15'   group by hotel_id
2019-05-15 11:42:26 | DEBUG | 4033 | 5cdb8aa27fed0 | 1557891746.550 | select  sum(hotel_occupancy_num) as hotel_occupancy_num from hotel_occupancy   where date ='2019-05-15'
2019-05-15 11:42:26 | DEBUG | 4033 | 5cdb8aa27fed0 | 1557891746.551 | select  hotel_id,sum(CASE WHEN room_type='1' THEN hotel_occupancy_num ELSE 0 END) as standard_occupancy,
            sum(CASE WHEN room_type='2' THEN hotel_occupancy_num ELSE 0 END) as kingsize_occupancy,
            sum(CASE WHEN room_type='3' THEN hotel_occupancy_num ELSE 0 END) as other_occupancy from hotel_occupancy   where date = '2019-05-15'   group by hotel_id
2019-05-15 11:43:09 | DEBUG | 1013 | 5cdb8acd8c058 | 1557891789.627 | select  sum(hotel_occupancy_num) as hotel_occupancy_num from hotel_occupancy   where date ='2019-05-15'
2019-05-15 11:43:09 | DEBUG | 1013 | 5cdb8acd8c058 | 1557891789.628 | select  hotel_id,sum(CASE WHEN room_type='1' THEN hotel_occupancy_num ELSE 0 END) as standard_occupancy,
            sum(CASE WHEN room_type='2' THEN hotel_occupancy_num ELSE 0 END) as kingsize_occupancy,
            sum(CASE WHEN room_type='3' THEN hotel_occupancy_num ELSE 0 END) as other_occupancy from hotel_occupancy   where date = '2019-05-15'   group by hotel_id
2019-05-15 12:30:01 | DEBUG | 9535 | 5cdb95c964551 | 1557894601.626 | select  id,date,id_card,province,birthday,sex from visitor_info   where  is_analysisided = 0
2019-05-15 12:30:01 | DEBUG | 9535 | 5cdb95c964551 | 1557894601.930 | insert into  `visitor_att`(
          `date`,`man_count`,`women_count`,`age1_count`,`age2_count`,
          `age3_count`,`age4_count`,`age5_count`,`age6_count`,`age7_count`
          ) values ('2019-05-20','1','0','0','1','0','0','0','0','0'),('2019-05-19','1','0','0','1','0','0','0','0','0'),('2019-05-18','1','0','0','1','0','0','0','0','0'),('2019-05-17','1','0','0','1','0','0','0','0','0'),('2019-05-16','1','0','0','1','0','0','0','0','0'),('2019-05-15','1','0','0','1','0','0','0','0','0'),('2019-05-14','1','0','0','0','0','1','0','0','0'),('2019-05-13','1','0','0','0','0','1','0','0','0'),('2019-05-12','1','0','0','0','1','0','0','0','0'),('2019-05-11','1','0','0','0','1','0','0','0','0'),('2019-05-10','1','0','0','0','1','0','0','0','0'),('2019-05-09','1','0','0','0','1','0','0','0','0'),('2019-05-08','1','0','0','0','1','0','0','0','0'),('2019-05-07','1','0','0','0','1','0','0','0','0'),('2019-05-06','1','0','0','0','1','0','0','0','0'),('2019-05-05','1','0','0','0','1','0','0','0','0'),('2019-05-04','1','0','0','0','1','0','0','0','0'),('2019-05-03','1','0','0','0','0','1','0','0','0'),('2019-05-02','1','0','0','0','0','1','0','0','0'),('2019-05-01','1','0','0','0','0','1','0','0','0'),('1970-01-01','1103','0','0','0','0','1103','0','0','0')
2019-05-15 12:30:02 | DEBUG | 9535 | 5cdb95c964551 | 1557894602.101 | insert into visitor_from(shanxi_visitor_count,beijing_visitor_count,tianjin_visitor_count,hebei_visitor_count,sanxi_visitor_count,neimeng_visitor_count,liaoning_visitor_count,jilin_visitor_count,heilongjiang_visitor_count,shanghai_visitor_count,jiangsu_visitor_count,zhejiang_visitor_count,anhui_visitor_count,fujian_visitor_count,jiangxi_visitor_count,shandong_visitor_count,henan_visitor_count,hubei_visitor_count,hunan_visitor_count,guangdong_visitor_count,guangxi_visitor_count,hainan_visitor_count,chongqing_visitor_count,sichuan_visitor_count,guizhou_visitor_count,yunnan_visitor_count,xizang_visitor_count,gansu_visitor_count,qinghai_visitor_count,ningxia_visitor_count,xinjiang_visitor_count,xianggang_visitor_count,taiwan_visitor_count,aomen_visitor_count) values('12','23','12','11','12','15','11','11','11','11','11','11','11','11','11','11','11','11','11','11','11','11','11','14','11','11','11','11','11','11','11','11','11','11')
2019-05-15 12:30:02 | DEBUG | 9535 | 5cdb95c964551 | 1557894602.319 | update visitor_info set is_analysisided='1'  where id in (1,2,3,4,5,6,7,8,9,10,11,12,13,14,15,16,17,18,19,20,21,22,23,24,25,26,27,28,29,30,31,32,33,34,35,36,37,38,39,40,41,42,43,44,45,46,47,48,49,50,51,52,53,54,55,56,57,58,59,60,61,62,63,64,65,66,67,68,69,70,71,72,73,74,75,76,77,78,79,80,81,82,83,84,85,86,87,88,89,90,91,92,93,94,95,96,97,98,99,100,101,102,103,104,105,106,107,108,109,110,111,112,113,114,115,116,117,118,119,120,121,122,123,124,125,126,127,128,129,130,131,132,133,134,135,136,137,138,139,140,141,142,143,144,145,146,147,148,149,150,151,152,153,154,155,156,157,158,159,160,161,162,163,164,165,166,167,168,169,170,171,172,173,174,175,176,177,178,179,180,181,182,183,184,185,186,187,188,189,190,191,192,193,194,195,196,197,198,199,200,201,202,203,204,205,206,207,208,209,210,211,212,213,214,215,216,217,218,219,220,221,222,223,224,225,226,227,228,229,230,231,232,233,234,235,236,237,238,239,240,241,242,243,244,245,246,247,248,249,250,251,252,253,254,255,256,257,258,259,260,261,262,263,264,265,266,267,268,269,270,271,272,273,274,275,276,277,278,279,280,281,282,283,284,285,286,287,288,289,290,291,292,293,294,295,296,297,298,299,300,301,302,303,304,305,306,307,308,309,310,311,312,313,314,315,316,317,318,319,320,321,322,323,324,325,326,327,328,329,330,331,332,333,334,335,336,337,338,339,340,341,342,343,344,345,346,347,348,349,350,351,352,353,354,355,356,357,358,359,360,361,362,363,364,365,366,367,368,369,370,371,372,373,374,375,376,377,378,379,380,381,382,383,384,385,386,387,388,389,390,391,392,393,394,395,396,397,398,399,400,401,402,403,404,405,406,407,408,409,410,411,412,413,414,415,416,417,418,419,420,421,422,423,424,425,426,427,428,429,430,431,432,433,434,435,436,437,438,439,440,441,442,443,444,445,446,447,448,449,450,451,452,453,454,455,456,457,458,459,460,461,462,463,464,465,466,467,468,469,470,471,472,473,474,475,476,477,478,479,480,481,482,483,484,485,486,487,488,489,490,491,492,493,494,495,496,497,498,499,500,501,502,503,504,505,506,507,508,509,510,511,512,513,514,515,516,517,518,519,520,521,522,523,524,525,526,527,528,529,530,531,532,533,534,535,536,537,538,539,540,541,542,543,544,545,546,547,548,549,550,551,552,553,554,555,556,557,558,559,560,561,562,563,564,565,566,567,568,569,570,571,572,573,574,575,576,577,578,579,580,581,582,583,584,585,586,587,588,589,590,591,592,593,594,595,596,597,598,599,600,601,602,603,604,605,606,607,608,609,610,611,612,613,614,615,616,617,618,619,620,621,622,623,624,625,626,627,628,629,630,631,632,633,634,635,636,637,638,639,640,641,642,643,644,645,646,647,648,649,650,651,652,653,654,655,656,657,658,659,660,661,662,663,664,665,666,667,668,669,670,671,672,673,674,675,676,677,678,679,680,681,682,683,684,685,686,687,688,689,690,691,692,693,694,695,696,697,698,699,700,701,702,703,704,705,706,707,708,709,710,711,712,713,714,715,716,717,718,719,720,721,722,723,724,725,726,727,728,729,730,731,732,733,734,735,736,737,738,739,740,741,742,743,744,745,746,747,748,749,750,751,752,753,754,755,756,757,758,759,760,761,762,763,764,765,766,767,768,769,770,771,772,773,774,775,776,777,778,779,780,781,782,783,784,785,786,787,788,789,790,791,792,793,794,795,796,797,798,799,800,801,802,803,804,805,806,807,808,809,810,811,812,813,814,815,816,817,818,819,820,821,822,823,824,825,826,827,828,829,830,831,832,833,834,835,836,837,838,839,840,841,842,843,844,845,846,847,848,849,850,851,852,853,854,855,856,857,858,859,860,861,862,863,864,865,866,867,868,869,870,871,872,873,874,875,876,877,878,879,880,881,882,883,884,885,886,887,888,889,890,891,892,893,894,895,896,897,898,899,900,901,902,903,904,905,906,907,908,909,910,911,912,913,914,915,916,917,918,919,920,921,922,923,924,925,926,927,928,929,930,931,932,933,934,935,936,937,938,939,940,941,942,943,944,945,946,947,948,949,950,951,952,953,954,955,956,957,958,959,960,961,962,963,964,965,966,967,968,969,970,971,972,973,974,975,976,977,978,979,980,981,982,983,984,985,986,987,988,989,990,991,992,993,994,995,996,997,998,999,1000,1001,1002,1003,1004,1005,1006,1007,1008,1009,1010,1011,1012,1013,1014,1015,1016,1017,1018,1019,1020,1021,1022,1023,1024,1025,1026,1027,1028,1029,1030,1031,1032,1033,1034,1035,1036,1037,1038,1039,1040,1041,1042,1043,1044,1045,1046,1047,1048,1049,1050,1051,1052,1053,1054,1055,1056,1057,1058,1059,1060,1061,1062,1063,1064,1065,1066,1067,1068,1069,1070,1071,1072,1073,1074,1075,1076,1077,1078,1079,1080,1081,1082,1083,1084,1085,1086,1087,1088,1089,1090,1091,1092,1093,1094,1095,1096,1097,1098,1099,1100,1101,1102,1103,1104,1105,1106,1107,1108,1109,1110,1111,1112,1113,1114,1115,1116,1117,1118,1119,1120,1121,1122,1123) 
2019-05-15 13:17:46 | DEBUG | 1014 | 5cdba0faa4c5c | 1557897466.869 | select  sum(hotel_occupancy_num) as hotel_occupancy_num from hotel_occupancy   where date ='2019-05-15'
2019-05-15 13:17:46 | DEBUG | 1014 | 5cdba0faa4c5c | 1557897466.871 | select  hotel_id,sum(CASE WHEN room_type='1' THEN hotel_occupancy_num ELSE 0 END) as standard_occupancy,
            sum(CASE WHEN room_type='2' THEN hotel_occupancy_num ELSE 0 END) as kingsize_occupancy,
            sum(CASE WHEN room_type='3' THEN hotel_occupancy_num ELSE 0 END) as other_occupancy from hotel_occupancy   where date = '2019-05-15'   group by hotel_id
2019-05-15 13:18:35 | DEBUG | 4033 | 5cdba12ada178 | 1557897515.13 | select  sum(hotel_occupancy_num) as hotel_occupancy_num from hotel_occupancy   where date between '2019-05-12' and '2019-05-15'
2019-05-15 13:18:35 | DEBUG | 4033 | 5cdba12ada178 | 1557897515.72 | select  hotel_id,sum(CASE WHEN room_type='1' THEN hotel_occupancy_num ELSE 0 END) as standard_occupancy,
            sum(CASE WHEN room_type='2' THEN hotel_occupancy_num ELSE 0 END) as kingsize_occupancy,
            sum(CASE WHEN room_type='3' THEN hotel_occupancy_num ELSE 0 END) as other_occupancy from hotel_occupancy   where date between '2019-05-12' and '2019-05-15'   group by hotel_id
2019-05-15 13:19:43 | DEBUG | 1013 | 5cdba16f1199b | 1557897583.313 | select  sum(hotel_occupancy_num) as hotel_occupancy_num from hotel_occupancy   where date between '2019-05-12' and '2019-05-15'
2019-05-15 13:23:32 | DEBUG | 1014 | 5cdba2548ba0c | 1557897812.610 | select  sum(hotel_occupancy_num) as hotel_occupancy_num from hotel_occupancy   where date between '2019-05-12' and '2019-05-15'
2019-05-15 13:23:49 | DEBUG | 4033 | 5cdba2657cadc | 1557897829.514 | select  sum(hotel_occupancy_num) as hotel_occupancy_num from hotel_occupancy   where date between '2019-05-12' and '2019-05-15'
2019-05-15 13:23:49 | DEBUG | 4033 | 5cdba2657cadc | 1557897829.559 | select  hotel_id,sum(CASE WHEN room_type='1' THEN hotel_occupancy_num ELSE 0 END) as standard_occupancy,
            sum(CASE WHEN room_type='2' THEN hotel_occupancy_num ELSE 0 END) as kingsize_occupancy,
            sum(CASE WHEN room_type='3' THEN hotel_occupancy_num ELSE 0 END) as other_occupancy from hotel_occupancy   where date between '2019-05-12' and '2019-05-15'   group by hotel_id
2019-05-15 13:24:16 | DEBUG | 1013 | 5cdba280c7541 | 1557897856.934 | select  sum(hotel_occupancy_num) as hotel_occupancy_num from hotel_occupancy   where date between '2019-05-12' and '2019-05-15'
2019-05-15 13:24:47 | DEBUG | 1014 | 5cdba29fa90b1 | 1557897887.801 | select  sum(hotel_occupancy_num) as hotel_occupancy_num from hotel_occupancy   where date between '2019-05-12' and '2019-05-15'
2019-05-15 13:24:47 | DEBUG | 1014 | 5cdba29fa90b1 | 1557897887.801 | select  hotel_id,sum(CASE WHEN room_type='1' THEN hotel_occupancy_num ELSE 0 END) as standard_occupancy,
            sum(CASE WHEN room_type='2' THEN hotel_occupancy_num ELSE 0 END) as kingsize_occupancy,
            sum(CASE WHEN room_type='3' THEN hotel_occupancy_num ELSE 0 END) as other_occupancy from hotel_occupancy   where date between '2019-05-12' and '2019-05-15'   group by hotel_id
2019-05-15 13:26:47 | DEBUG | 4033 | 5cdba3171c1a4 | 1557898007.121 | select  sum(hotel_occupancy_num) as hotel_occupancy_num from hotel_occupancy   where date between '2019-05-12' and '2019-05-15'
2019-05-15 13:26:47 | DEBUG | 4033 | 5cdba3171c1a4 | 1557898007.122 | select  hotel_id,sum(CASE WHEN room_type='1' THEN hotel_occupancy_num ELSE 0 END) as standard_occupancy,
            sum(CASE WHEN room_type='2' THEN hotel_occupancy_num ELSE 0 END) as kingsize_occupancy,
            sum(CASE WHEN room_type='3' THEN hotel_occupancy_num ELSE 0 END) as other_occupancy from hotel_occupancy   where date between '2019-05-12' and '2019-05-15'   group by hotel_id
2019-05-15 14:04:56 | DEBUG | 1013 | 5cdbac08e48d2 | 1557900296.980 | select  sum(hotel_occupancy_num) as hotel_occupancy_num from hotel_occupancy   where date between '2019-05-12' and '2019-05-15'
2019-05-15 14:04:56 | DEBUG | 1013 | 5cdbac08e48d2 | 1557900296.981 | select  hotel_id,sum(CASE WHEN room_type='1' THEN hotel_occupancy_num ELSE 0 END) as standard_occupancy,
            sum(CASE WHEN room_type='2' THEN hotel_occupancy_num ELSE 0 END) as kingsize_occupancy,
            sum(CASE WHEN room_type='3' THEN hotel_occupancy_num ELSE 0 END) as other_occupancy from hotel_occupancy   where date between '2019-05-12' and '2019-05-15'   group by hotel_id
2019-05-15 14:07:47 | DEBUG | 1014 | 5cdbacb323b2c | 1557900467.147 | select  sum(hotel_occupancy_num) as hotel_occupancy_num from hotel_occupancy   where date between '2019-05-12' and '2019-05-15'
2019-05-15 14:07:47 | DEBUG | 1014 | 5cdbacb323b2c | 1557900467.148 | select  hotel_id,sum(CASE WHEN room_type='1' THEN hotel_occupancy_num ELSE 0 END) as standard_occupancy,
            sum(CASE WHEN room_type='2' THEN hotel_occupancy_num ELSE 0 END) as kingsize_occupancy,
            sum(CASE WHEN room_type='3' THEN hotel_occupancy_num ELSE 0 END) as other_occupancy from hotel_occupancy   where date between '2019-05-12' and '2019-05-15'   group by hotel_id
2019-05-15 14:07:57 | DEBUG | 4033 | 5cdbacbdc86ae | 1557900477.871 | select  sum(hotel_occupancy_num) as hotel_occupancy_num from hotel_occupancy   where date between '2019-05-12' and '2019-05-15'
2019-05-15 14:07:57 | DEBUG | 4033 | 5cdbacbdc86ae | 1557900477.872 | select  hotel_id,sum(CASE WHEN room_type='1' THEN hotel_occupancy_num ELSE 0 END) as standard_occupancy,
            sum(CASE WHEN room_type='2' THEN hotel_occupancy_num ELSE 0 END) as kingsize_occupancy,
            sum(CASE WHEN room_type='3' THEN hotel_occupancy_num ELSE 0 END) as other_occupancy from hotel_occupancy   where date between '2019-05-12' and '2019-05-15'   group by hotel_id
2019-05-15 14:08:46 | DEBUG | 1013 | 5cdbacee016f0 | 1557900526.8 | select  sum(hotel_occupancy_num) as hotel_occupancy_num from hotel_occupancy   where date between '2019-05-12' and '2019-05-15'
2019-05-15 14:08:46 | DEBUG | 1013 | 5cdbacee016f0 | 1557900526.9 | select  hotel_id,sum(CASE WHEN room_type='1' THEN hotel_occupancy_num ELSE 0 END) as standard_occupancy,
            sum(CASE WHEN room_type='2' THEN hotel_occupancy_num ELSE 0 END) as kingsize_occupancy,
            sum(CASE WHEN room_type='3' THEN hotel_occupancy_num ELSE 0 END) as other_occupancy from hotel_occupancy   where date between '2019-05-12' and '2019-05-15'   group by hotel_id
2019-05-15 14:09:06 | DEBUG | 1014 | 5cdbad02d5717 | 1557900546.876 | select  sum(hotel_occupancy_num) as hotel_occupancy_num from hotel_occupancy   where date between '2019-05-12' and '2019-05-15'
2019-05-15 14:09:06 | DEBUG | 1014 | 5cdbad02d5717 | 1557900546.877 | select  hotel_id,sum(CASE WHEN room_type='1' THEN hotel_occupancy_num ELSE 0 END) as standard_occupancy,
            sum(CASE WHEN room_type='2' THEN hotel_occupancy_num ELSE 0 END) as kingsize_occupancy,
            sum(CASE WHEN room_type='3' THEN hotel_occupancy_num ELSE 0 END) as other_occupancy from hotel_occupancy   where date between '2019-05-12' and '2019-05-15'   group by hotel_id
2019-05-15 14:11:18 | DEBUG | 1013 | 5cdbad862989a | 1557900678.241 | select  * from hotel_occupancy   where hotel_id=9 AND room_type=1 AND date = '2019-05-12'
2019-05-15 14:11:18 | DEBUG | 1013 | 5cdbad862989a | 1557900678.336 | insert into hotel_occupancy(date,hotel_id,room_type,hotel_occupancy_num) values('2019-05-12','9','1','20')
2019-05-15 14:11:18 | DEBUG | 1013 | 5cdbad862989a | 1557900678.338 | select  * from hotel_occupancy   where hotel_id=9 AND room_type=2 AND date = '2019-05-12'
2019-05-15 14:11:18 | DEBUG | 1013 | 5cdbad862989a | 1557900678.339 | insert into hotel_occupancy(date,hotel_id,room_type,hotel_occupancy_num) values('2019-05-12','9','2','25')
2019-05-15 14:11:18 | DEBUG | 1013 | 5cdbad862989a | 1557900678.340 | select  * from hotel_occupancy   where hotel_id=9 AND room_type=3 AND date = '2019-05-12'
2019-05-15 14:11:18 | DEBUG | 1013 | 5cdbad862989a | 1557900678.386 | insert into hotel_occupancy(date,hotel_id,room_type,hotel_occupancy_num) values('2019-05-12','9','3','40')
2019-05-15 14:11:24 | DEBUG | 4033 | 5cdbad8c447fd | 1557900684.309 | select  sum(hotel_occupancy_num) as hotel_occupancy_num from hotel_occupancy   where date between '2019-05-12' and '2019-05-15'
2019-05-15 14:11:24 | DEBUG | 4033 | 5cdbad8c447fd | 1557900684.311 | select  hotel_id,sum(CASE WHEN room_type='1' THEN hotel_occupancy_num ELSE 0 END) as standard_occupancy,
            sum(CASE WHEN room_type='2' THEN hotel_occupancy_num ELSE 0 END) as kingsize_occupancy,
            sum(CASE WHEN room_type='3' THEN hotel_occupancy_num ELSE 0 END) as other_occupancy from hotel_occupancy   where date between '2019-05-12' and '2019-05-15'   group by hotel_id
2019-05-15 14:11:40 | DEBUG | 1013 | 5cdbad9cb042b | 1557900700.862 | select  sum(hotel_occupancy_num) as hotel_occupancy_num from hotel_occupancy   where date ='2019-05-15'
2019-05-15 14:11:40 | DEBUG | 1013 | 5cdbad9cb042b | 1557900700.865 | select  hotel_id,sum(CASE WHEN room_type='1' THEN hotel_occupancy_num ELSE 0 END) as standard_occupancy,
            sum(CASE WHEN room_type='2' THEN hotel_occupancy_num ELSE 0 END) as kingsize_occupancy,
            sum(CASE WHEN room_type='3' THEN hotel_occupancy_num ELSE 0 END) as other_occupancy from hotel_occupancy   where date = '2019-05-15'   group by hotel_id
2019-05-15 14:22:28 | DEBUG | 1014 | 5cdbb024850be | 1557901348.661 | select  sum(hotel_occupancy_num) as hotel_occupancy_num from hotel_occupancy   where date ='2019-05-15'
2019-05-15 14:22:28 | DEBUG | 1014 | 5cdbb024850be | 1557901348.663 | select  hotel_id,sum(CASE WHEN room_type='1' THEN hotel_occupancy_num ELSE 0 END) as standard_occupancy,
            sum(CASE WHEN room_type='2' THEN hotel_occupancy_num ELSE 0 END) as kingsize_occupancy,
            sum(CASE WHEN room_type='3' THEN hotel_occupancy_num ELSE 0 END) as other_occupancy from hotel_occupancy   where date = '2019-05-15'   group by hotel_id
2019-05-15 14:22:28 | DEBUG | 1014 | 5cdbb024850be | 1557901348.928 | execute error: select  date,sum(hotel_occupancy_num) as occupancy from hotel_occupancy   where date between '2019-05-09' and '2019-05-15'   group by hotel_id
2019-05-15 14:24:44 | DEBUG | 1014 | 5cdbb0acbbc32 | 1557901484.772 | select  sum(hotel_occupancy_num) as hotel_occupancy_num from hotel_occupancy   where date ='2019-05-15'
2019-05-15 14:24:44 | DEBUG | 1014 | 5cdbb0acbbc32 | 1557901484.773 | select  hotel_id,sum(CASE WHEN room_type='1' THEN hotel_occupancy_num ELSE 0 END) as standard_occupancy,
            sum(CASE WHEN room_type='2' THEN hotel_occupancy_num ELSE 0 END) as kingsize_occupancy,
            sum(CASE WHEN room_type='3' THEN hotel_occupancy_num ELSE 0 END) as other_occupancy from hotel_occupancy   where date = '2019-05-15'   group by hotel_id
2019-05-15 14:24:44 | DEBUG | 1014 | 5cdbb0acbbc32 | 1557901484.773 | select  date,sum(hotel_occupancy_num) as occupancy from hotel_occupancy   where date between '2019-05-09' and '2019-05-15'   group by date
2019-05-15 14:39:43 | DEBUG | 1013 | 5cdbb42f6e598 | 1557902383.454 | select  sum(hotel_occupancy_num) as hotel_occupancy_num from hotel_occupancy   where date ='2019-05-15'
2019-05-15 14:39:43 | DEBUG | 1013 | 5cdbb42f6e598 | 1557902383.455 | select  hotel_id,sum(CASE WHEN room_type='1' THEN hotel_occupancy_num ELSE 0 END) as standard_occupancy,
            sum(CASE WHEN room_type='2' THEN hotel_occupancy_num ELSE 0 END) as kingsize_occupancy,
            sum(CASE WHEN room_type='3' THEN hotel_occupancy_num ELSE 0 END) as other_occupancy from hotel_occupancy   where date = '2019-05-15'   group by hotel_id
2019-05-15 14:39:43 | DEBUG | 1013 | 5cdbb42f6e598 | 1557902383.456 | select  date,sum(hotel_occupancy_num) as occupancy from hotel_occupancy   where date between '2019-05-09' and '2019-05-15'   group by date
2019-05-15 14:41:03 | DEBUG | 4033 | 5cdbb47f0ce44 | 1557902463.88 | select  sum(hotel_occupancy_num) as hotel_occupancy_num from hotel_occupancy   where date ='2019-05-15'
2019-05-15 14:41:03 | DEBUG | 4033 | 5cdbb47f0ce44 | 1557902463.90 | select  hotel_id,sum(CASE WHEN room_type='1' THEN hotel_occupancy_num ELSE 0 END) as standard_occupancy,
            sum(CASE WHEN room_type='2' THEN hotel_occupancy_num ELSE 0 END) as kingsize_occupancy,
            sum(CASE WHEN room_type='3' THEN hotel_occupancy_num ELSE 0 END) as other_occupancy from hotel_occupancy   where date = '2019-05-15'   group by hotel_id
2019-05-15 14:41:03 | DEBUG | 4033 | 5cdbb47f0ce44 | 1557902463.92 | select  date,sum(hotel_occupancy_num) as occupancy from hotel_occupancy   where date between '2019-05-09' and '2019-05-15'   group by date
2019-05-15 15:14:00 | DEBUG | 4033 | 5cdbbc387cafb | 1557904440.561 | select  sum(hotel_occupancy_num) as hotel_occupancy_num from hotel_occupancy   where date ='2019-05-15'
2019-05-15 15:14:00 | DEBUG | 4033 | 5cdbbc387cafb | 1557904440.561 | select  hotel_id,sum(CASE WHEN room_type='1' THEN hotel_occupancy_num ELSE 0 END) as standard_occupancy,
            sum(CASE WHEN room_type='2' THEN hotel_occupancy_num ELSE 0 END) as kingsize_occupancy,
            sum(CASE WHEN room_type='3' THEN hotel_occupancy_num ELSE 0 END) as other_occupancy from hotel_occupancy   where date = '2019-05-15'   group by hotel_id
2019-05-15 15:14:00 | DEBUG | 4033 | 5cdbbc387cafb | 1557904440.562 | select  date,sum(hotel_occupancy_num) as occupancy from hotel_occupancy   where date between '2019-05-09' and '2019-05-15'   group by date
2019-05-15 15:16:39 | DEBUG | 1014 | 5cdbbcd6e8f2d | 1557904599.111 | select  date,count(car_number) as count from car_info   where date between '2019-05-09' and '2019-05-15'   group by date
2019-05-15 15:17:39 | DEBUG | 1013 | 5cdbbd114144a | 1557904659.472 | insert into  `car_info`(`date`,`scenic_spot_id`,`car_number`) values ('2019-04-12',1,'宁-CJ2287'),('2019-04-12',1,'宁-A81S16'),('2019-04-12',1,'京-PCD091'),('2019-04-12',1,'陕-A0Z6Z1'),('2019-04-12',1,'陕-A0Z6Z1'),('2019-04-12',1,'陕-A0Z6Z1'),('2019-04-12',1,'宁-AQL819'),('2019-04-13',1,'宁-A2A375'),('2019-04-13',1,'宁-CZ2955'),('2019-04-14',1,'蒙-CFZ761'),('2019-04-14',1,'宁-A7309A'),('2019-04-14',1,'宁-A7309A'),('2019-04-14',1,'蒙-CFZ761'),('2019-04-14',1,'宁-AKL079'),('2019-04-14',1,'宁-A6R228'),('2019-04-14',1,'陕-J3B582'),('2019-04-12',1,'豫-RNX117'),('2019-04-12',1,'甘-JW8590'),('2019-04-12',1,'宁-C24896'),('2019-04-12',1,'晋-FXL398'),('2019-04-15',1,'宁-AZG307'),('2019-04-15',1,'陕-AC067A'),('2019-04-15',1,'宁-CDW766'),('2019-04-15',1,'陕-A5J0N6'),('2019-04-15',1,'宁-AR5027'),('2019-04-15',1,'宁-AA087L'),('2019-04-15',1,'宁-CJ6555'),('2019-04-15',1,'宁-CF1118'),('2019-04-15',1,'宁-AM625X'),('2019-04-16',1,'川-A2Q1L8'),('2019-04-16',1,'粤-BH900Y'),('2019-04-16',1,'宁-A95F21'),('2019-04-16',1,'宁-A7V950'),('2019-04-16',1,'宁-A5U660'),('2019-04-16',1,'宁-A217U3'),('2019-04-17',1,'宁-A1C063'),('2019-04-17',1,'宁-A2W892'),('2019-04-17',1,'宁-AT4101'),('2019-04-17',1,'宁-BA0404'),('2019-04-17',1,'宁-AT1861'),('2019-04-17',1,'甘-AMX566'),('2019-04-17',1,'宁-DW7876'),('2019-04-17',1,'陕-A1Q8A1'),('2019-04-17',1,'宁-CBT615'),('2019-04-17',1,'青-ASK601'),('2019-04-17',1,'蒙-D97477'),('2019-04-18',1,'宁-A3U661'),('2019-04-18',1,'宁-A00088'),('2019-04-18',1,'粤-AWZ625'),('2019-04-17',1,'宁-CAX170'),('2019-04-17',1,'浙-D030GH'),('2019-04-17',1,'宁-CL8486'),('2019-04-17',1,'宁-A6D958'),('2019-04-18',1,'宁-AR850V'),('2019-04-18',1,'陕-CLJ667'),('2019-04-18',1,'云-A77M22'),('2019-04-13',1,'京-NB6230'),('2019-04-13',1,'宁-AA090F'),('2019-04-13',1,'宁-A78X89'),('2019-04-13',1,'宁-A2A375'),('2019-04-13',1,'宁-CCB050'),('2019-04-13',1,'宁-AJM555'),('2019-04-13',1,'宁-A52618'),('2019-04-13',1,'宁-C8A077'),('2019-04-13',1,'宁-A67M73'),('2019-04-13',1,'宁-A6X606'),('2019-04-11',1,'宁-A88888'),('2019-04-12',1,'宁-CED156'),('2019-04-13',1,'宁-CAK252'),('2019-04-13',1,'宁-AL158A'),('2019-04-13',1,'宁-CEE397'),('2019-04-13',1,'宁-A55558'),('2019-04-13',1,'宁-AEU965'),('2019-04-13',1,'宁-ACW002'),('2019-04-13',1,'宁-A68996'),('2019-04-13',1,'宁-A72S31'),('2019-04-13',1,'晋-D2415A'),('2019-04-13',1,'宁-CL8688'),('2019-04-13',1,'辽-AD2P67'),('2019-04-13',1,'宁-AFU168'),('2019-04-13',1,'宁-AQ062V'),('2019-04-13',1,'宁-AN376F'),('2019-04-13',1,'宁-A85M66'),('2019-04-10',1,'宁-AFM935'),('2019-04-11',1,'宁-BZ3110'),('2019-04-11',1,'宁-A71W68'),('2019-04-11',1,'宁-AG261Z'),('2019-04-11',1,'陕-C5656A'),('2019-04-11',1,'宁-A02Y86'),('2019-04-11',1,'宁-A5Y719'),('2019-04-11',1,'宁-A5M191'),('2019-04-11',1,'宁-A1E239'),('2019-04-11',1,'宁-AAD198'),('2019-04-13',1,'宁-A115J8'),('2019-04-10',1,'宁-A96238'),('2019-04-10',1,'宁-AA502U'),('2019-04-10',1,'新-JW3032'),('2019-04-10',1,'甘-G0S529'),('2019-04-10',1,'宁-A99A29'),('2019-04-10',1,'宁-ANB600'),('2019-04-10',1,'皖-AB3S53'),('2019-04-14',1,'宁-ARK889'),('2019-04-14',1,'宁-A606F2'),('2019-04-14',1,'宁-AN303E'),('2019-04-14',1,'宁-AM869B'),('2019-04-14',1,'宁-AMJ273'),('2019-04-14',1,'宁-A0S589'),('2019-04-15',1,'宁-CW5380'),('2019-04-15',1,'川-LKR784'),('2019-04-16',1,'粤-B1AQ17'),('2019-04-16',1,'宁-A279M9'),('2019-04-16',1,'宁-A58M19'),('2019-04-16',1,'宁-A3S953'),('2019-04-17',1,'宁-CD910L'),('2019-04-17',1,'宁-AD6127'),('2019-04-15',1,'宁-AK903A'),('2019-04-15',1,'豫-MEU659'),('2019-04-15',1,'宁-A2X502'),('2019-04-15',1,'宁-ANH671'),('2019-04-10',1,'宁-AJU067'),('2019-04-11',1,'宁-A34562'),('2019-04-14',1,'宁-AB9029'),('2019-04-14',1,'宁-AB8891'),('2019-04-14',1,'川-AN2P99'),('2019-04-14',1,'宁-A98366'),('2019-04-14',1,'宁-A20Q61'),('2019-04-14',1,'宁-AC7388'),('2019-04-11',1,'青-A6H701'),('2019-04-11',1,'宁-CFB312'),('2019-04-11',1,'青-AKS792'),('2019-04-11',1,'宁-AB957B'),('2019-04-11',1,'宁-CQ8807'),('2019-04-11',1,'粤-A2L3G0'),('2019-04-11',1,'宁-A2R756'),('2019-04-11',1,'宁-A1Q129'),('2019-04-11',1,'宁-A0Z803'),('2019-04-12',1,'宁-AA692J'),('2019-04-14',1,'宁-A97W01'),('2019-04-14',1,'宁-AP362U'),('2019-04-14',1,'宁-A5Z858'),('2019-04-14',1,'宁-CEJ445'),('2019-04-14',1,'宁-BW1739'),('2019-04-14',1,'宁-A61Q20'),('2019-04-14',1,'宁-AS9053'),('2019-04-14',1,'宁-ASZ697'),('2019-04-14',1,'宁-C35448'),('2019-04-14',1,'宁-A7C670'),('2019-04-14',1,'宁-AN671D'),('2019-04-14',1,'宁-A2B337'),('2019-04-14',1,'川-AC04E0'),('2019-04-14',1,'宁-A77016'),('2019-04-16',1,'宁-CDG400'),('2019-04-14',1,'宁-A22M20'),('2019-04-14',1,'宁-A8G936'),('2019-04-14',1,'宁-A20Q61'),('2019-04-14',1,'宁-APW298'),('2019-04-14',1,'宁-AK461D'),('2019-04-14',1,'宁-C67713'),('2019-04-14',1,'沪-BCC286'),('2019-04-14',1,'宁-AB0790'),('2019-04-14',1,'青-A7S264'),('2019-04-14',1,'宁-A058B7'),('2019-04-14',1,'宁-BE2887'),('2019-04-14',1,'冀-D372HL'),('2019-04-14',1,'宁-AL193X'),('2019-04-14',1,'宁-AVR863'),('2019-04-14',1,'宁-BD2028'),('2019-04-14',1,'宁-A0S589'),('2019-04-15',1,'宁-AH022J'),('2019-04-15',1,'川-A31J0W'),('2019-04-15',1,'川-A31J0W'),('2019-04-15',1,'宁-A9L697'),('2019-04-15',1,'宁-A1446A'),('2019-04-15',1,'宁-CAZ596'),('2019-04-15',1,'宁-DU8278'),('2019-04-15',1,'宁-CBH001'),('2019-04-15',1,'鲁-MKD333'),('2019-04-15',1,'宁-A7F105'),('2019-04-15',1,'陕-A265MM'),('2019-04-15',1,'宁-A21Y11'),('2019-04-15',1,'宁-AWV777'),('2019-04-15',1,'宁-AXU018'),('2019-04-15',1,'晋-F8H810'),('2018-10-04',1,'宁-A80T79'),('2019-04-05',1,'宁-A95R20'),('2019-04-05',1,'陕-CEW222'),('2019-04-05',1,'宁-CFS538'),('2019-04-05',1,'宁-AAW598'),('2019-04-05',1,'陕-A0C5G7'),('2019-04-05',1,'宁-A0876B'),('2019-04-05',1,'宁-A6V137'),('2019-04-05',1,'宁-AC560D'),('2019-04-05',1,'宁-BR0713'),('2019-04-05',1,'宁-A71G09'),('2019-04-05',1,'宁-A6C669'),('2019-04-05',1,'宁-AKT718'),('2019-04-05',1,'宁-BM5988'),('2019-04-05',1,'宁-AAA920'),('2019-04-05',1,'宁-A95W62'),('2019-04-05',1,'宁-AX0076'),('2019-04-05',1,'宁-A955S6'),('2019-04-05',1,'宁-AD626Y'),('2019-04-05',1,'宁-AXG876'),('2019-04-05',1,'宁-A6E707'),('2019-04-05',1,'宁-AS9053'),('2019-04-05',1,'宁-AUF700'),('2019-04-05',1,'宁-DDM175'),('2019-04-05',1,'宁-BBC313'),('2019-04-05',1,'宁-AG876T'),('2019-04-05',1,'宁-ANH336'),('2019-04-05',1,'宁-AG7503'),('2019-04-05',1,'宁-AFW451'),('2019-04-05',1,'甘-LL8652'),('2019-04-05',1,'宁-DJ0827'),('2019-04-05',1,'宁-A01E39'),('2019-04-05',1,'宁-CCJ977'),('2019-04-05',1,'宁-A4Z665'),('2019-04-05',1,'宁-AK633N'),('2019-04-05',1,'宁-AE018D'),('2019-04-05',1,'宁-B50877'),('2019-04-05',1,'宁-AG361Y'),('2019-04-05',1,'宁-A85809'),('2019-04-05',1,'宁-A1M175'),('2019-04-06',1,'宁-A61F73'),('2019-04-06',1,'陕-AL387Y'),('2019-04-06',1,'蒙-C18019'),('2019-04-06',1,'陕-A7U6M9'),('2019-04-06',1,'宁-AHC710'),('2019-04-06',1,'宁-ADN720'),('2019-04-06',1,'蒙-BHM540'),('2019-04-06',1,'宁-AUS389'),('2019-04-06',1,'宁-A0L600'),('2019-04-06',1,'宁-CM7556'),('2019-04-06',1,'宁-A5U717'),('2019-04-06',1,'蒙-M1DD08'),('2019-04-06',1,'蒙-CNT918'),('2019-04-06',1,'蒙-KJP323'),('2019-04-06',1,'宁-A70J21'),('2019-04-06',1,'青-A1S197'),('2019-04-06',1,'宁-AV7219'),('2019-04-06',1,'宁-AZK328'),('2019-04-06',1,'陕-A18QF1'),('2019-04-06',1,'宁-A121W3'),('2019-04-06',1,'宁-A7Q369'),('2019-04-06',1,'宁-DB7999'),('2019-04-06',1,'宁-EQ8290'),('2019-04-06',1,'宁-A95297'),('2019-04-06',1,'宁-A98S60'),('2019-04-06',1,'宁-AD107W'),('2019-04-06',1,'宁-BS3693'),('2019-04-06',1,'陕-AM612L'),('2019-04-06',1,'宁-A6699B'),('2019-04-06',1,'宁-CY8886'),('2019-04-06',1,'陕-K1161T'),('2019-04-06',1,'宁-A75A02'),('2019-04-06',1,'宁-A95369'),('2019-04-06',1,'宁-A4C586'),('2019-04-06',1,'宁-AC7556'),('2019-04-06',1,'青-AH0631'),('2019-04-06',1,'青-A712A7'),('2019-04-06',1,'青-A18878'),('2019-04-06',1,'宁-A7A377'),('2019-04-06',1,'陕-A298SW'),('2019-04-06',1,'蒙-CCS395'),('2019-04-06',1,'甘-LAX626'),('2019-04-06',1,'宁-AF892F'),('2019-04-06',1,'津-JPG828'),('2019-04-06',1,'宁-A99936'),('2019-04-06',1,'宁-AF398K'),('2019-04-06',1,'宁-ANE055'),('2019-04-06',1,'宁-A36P93'),('2019-04-06',1,'宁-CFP797'),('2019-04-06',1,'宁-AA7063'),('2019-04-06',1,'宁-AA9222'),('2019-04-06',1,'宁-A56F99'),('2019-04-06',1,'宁-A76269'),('2019-04-06',1,'宁-A4Q608'),('2019-04-06',1,'宁-AA7528'),('2019-04-06',1,'宁-A31611'),('2019-04-06',1,'宁-ADL543'),('2019-04-06',1,'宁-A61U79'),('2019-04-06',1,'宁-A86T83'),('2019-04-06',1,'宁-BV5026'),('2019-04-06',1,'宁-E59333'),('2019-04-06',1,'宁-AG3952'),('2019-04-06',1,'宁-AG179H'),('2019-04-06',1,'宁-A259H6'),('2019-04-06',1,'宁-AH991A'),('2019-04-06',1,'宁-CAN213'),('2019-04-06',1,'宁-C4A778'),('2019-04-06',1,'宁-A86K52'),('2019-04-06',1,'宁-A9L535'),('2019-04-06',1,'宁-A78K66'),('2019-04-06',1,'宁-AHC121'),('2019-04-06',1,'宁-AZY838'),('2019-04-06',1,'宁-A7C631'),('2019-04-06',1,'陕-AMK986'),('2019-04-06',1,'宁-A0V106'),('2019-04-06',1,'宁-A8V507'),('2019-04-07',1,'宁-CP7596'),('2019-04-07',1,'宁-AH317R'),('2019-04-07',1,'宁-AJ836J'),('2019-04-07',1,'宁-CEU866'),('2019-04-07',1,'青-A8K833'),('2019-04-07',1,'宁-CDG423'),('2019-04-07',1,'宁-ANY357'),('2019-04-07',1,'宁-AMJ038'),('2019-04-07',1,'甘-AF1U12'),('2019-04-07',1,'陕-AS0N87'),('2019-04-07',1,'宁-AYE220'),('2019-04-07',1,'宁-AG0975'),('2019-04-07',1,'宁-B33355'),('2019-04-07',1,'浙-D09900'),('2019-04-07',1,'宁-CH9899'),('2019-04-07',1,'宁-CDX165'),('2019-04-07',1,'宁-A89963'),('2019-04-07',1,'宁-BR9016'),('2019-04-07',1,'宁-AFU068'),('2019-04-07',1,'宁-BS5872'),('2019-04-07',1,'宁-A919M2'),('2019-04-07',1,'宁-BAP003'),('2019-04-07',1,'陕-K10N11'),('2019-04-07',1,'宁-ACE158'),('2019-04-07',1,'宁-A320S3'),('2019-04-07',1,'宁-AEK277'),('2019-04-07',1,'宁-AWY096'),('2019-04-07',1,'宁-ASK197'),('2019-04-07',1,'宁-AG843T'),('2019-04-07',1,'宁-A696C8'),('2019-04-07',1,'宁-AXD190'),('2019-04-07',1,'蒙-CKW258'),('2019-04-07',1,'陕-K36N82'),('2019-04-07',1,'宁-A001P2'),('2019-04-07',1,'宁-BBQ711'),('2019-04-07',1,'鄂-EV7D57'),('2019-04-07',1,'宁-ADP287'),('2019-04-07',1,'宁-AX0452'),('2019-04-07',1,'宁-AL350Y'),('2019-04-07',1,'宁-CH6929'),('2019-04-07',1,'宁-A36180'),('2019-04-07',1,'宁-CFP039'),('2019-04-08',1,'宁-A12345'),('2019-04-09',1,'青-ASE136'),('2019-04-09',1,'宁-A9X935'),('2019-04-09',1,'宁-A838E3'),('2019-04-09',1,'宁-AKT592'),('2019-04-09',1,'宁-A179D9'),('2019-04-09',1,'宁-AB8691'),('2019-04-09',1,'宁-A9X935'),('2019-04-09',1,'宁-AWA627'),('2019-04-09',1,'川-A75H5G'),('2019-04-09',1,'宁-ER6197'),('2019-04-09',1,'宁-AE434Y'),('2019-04-09',1,'宁-ACZ756'),('2019-04-09',1,'宁-AR132G'),('2019-04-09',1,'宁-AQG687'),('2019-04-09',1,'宁-AG702K'),('2019-04-09',1,'鲁-N1669V')
2019-05-15 15:20:05 | DEBUG | 4033 | 5cdbbda544d9b | 1557904805.383 | select  date,count(car_number) as count from car_info   where date between '2019-05-09' and '2019-05-15'   group by date
2019-05-15 15:21:09 | DEBUG | 4033 | 5cdbbde5c4bdd | 1557904869.859 | select  date,count(car_number) as count from car_info   where date between '2019-05-09' and '2019-05-15'   group by date
2019-05-15 15:34:48 | DEBUG | 1014 | 5cdbc11800b12 | 1557905688.30 | select  date,count(car_number) as count from car_info   where scenic_spot_id = 1 and date between '2019-05-09' and '2019-05-15'   group by date
2019-05-15 15:34:48 | DEBUG | 1014 | 5cdbc11800b12 | 1557905688.31 | select  date,count(car_number) as count from car_info   where scenic_spot_id = 2 and date between '2019-05-09' and '2019-05-15'   group by date
2019-05-15 15:36:03 | DEBUG | 1013 | 5cdbc16368b19 | 1557905763.472 | select  date,count(car_number) as count from car_info   where scenic_spot_id = 1 and date between '2019-05-09' and '2019-05-15'   group by date
2019-05-15 15:36:03 | DEBUG | 1013 | 5cdbc16368b19 | 1557905763.474 | select  date,count(car_number) as count from car_info   where scenic_spot_id = 2 and date between '2019-05-09' and '2019-05-15'   group by date
2019-05-15 15:36:40 | DEBUG | 4033 | 5cdbc188179a8 | 1557905800.125 | select  date,count(car_number) as count from car_info   where scenic_spot_id = 1 and date between '2019-05-09' and '2019-05-15'   group by date
2019-05-15 15:36:40 | DEBUG | 4033 | 5cdbc188179a8 | 1557905800.127 | select  date,count(car_number) as count from car_info   where scenic_spot_id = 2 and date between '2019-05-09' and '2019-05-15'   group by date
2019-05-15 15:52:32 | DEBUG | 4033 | 5cdbc54035cdf | 1557906752.224 | select  date,count(car_number) as count from car_info   where scenic_spot_id = 1 and date between '2019-05-13' and '2019-05-15'   group by date
2019-05-15 15:52:32 | DEBUG | 4033 | 5cdbc54035cdf | 1557906752.226 | select  date,count(car_number) as count from car_info   where scenic_spot_id = 2 and date between '2019-05-13' and '2019-05-15'   group by date
2019-05-15 15:52:40 | DEBUG | 1014 | 5cdbc54849959 | 1557906760.304 | select  date,count(car_number) as count from car_info   where scenic_spot_id = 1 and date between '2019-05-10' and '2019-05-15'   group by date
2019-05-15 15:52:40 | DEBUG | 1014 | 5cdbc54849959 | 1557906760.305 | select  date,count(car_number) as count from car_info   where scenic_spot_id = 2 and date between '2019-05-10' and '2019-05-15'   group by date
2019-05-15 15:52:53 | DEBUG | 1013 | 5cdbc5554cfd1 | 1557906773.318 | select  date,count(car_number) as count from car_info   where scenic_spot_id = 1 and date between '2019-04-28' and '2019-05-4'   group by date
2019-05-15 15:52:53 | DEBUG | 1013 | 5cdbc5554cfd1 | 1557906773.319 | select  date,count(car_number) as count from car_info   where scenic_spot_id = 2 and date between '2019-04-28' and '2019-05-4'   group by date
2019-05-15 15:53:09 | DEBUG | 4033 | 5cdbc56588efa | 1557906789.619 | select  date,count(car_number) as count from car_info   where scenic_spot_id = 1 and date between '2019-04-28' and '2019-05-04'   group by date
2019-05-15 15:53:09 | DEBUG | 4033 | 5cdbc56588efa | 1557906789.620 | select  date,count(car_number) as count from car_info   where scenic_spot_id = 2 and date between '2019-04-28' and '2019-05-04'   group by date
2019-05-15 15:54:11 | DEBUG | 1014 | 5cdbc5a352f3e | 1557906851.342 | select  date,count(car_number) as count from car_info   where scenic_spot_id = 1 and date between '2019-05-04' and '2019-05-04'   group by date
2019-05-15 15:54:11 | DEBUG | 1014 | 5cdbc5a352f3e | 1557906851.343 | select  date,count(car_number) as count from car_info   where scenic_spot_id = 2 and date between '2019-05-04' and '2019-05-04'   group by date
2019-05-15 15:58:50 | DEBUG | 1013 | 5cdbc6baa280d | 1557907130.697 | select  date,count(car_number) as count from car_info   where scenic_spot_id = 1 and date between '2019-05-04' and '2019-05-04'   group by date
2019-05-15 15:58:50 | DEBUG | 1013 | 5cdbc6baa280d | 1557907130.699 | select  date,count(car_number) as count from car_info   where scenic_spot_id = 2 and date between '2019-05-04' and '2019-05-04'   group by date
2019-05-15 15:59:02 | DEBUG | 4033 | 5cdbc6c6728c8 | 1557907142.472 | select  date,count(car_number) as count from car_info   where scenic_spot_id = 1 and date between '2019-05-10' and '2019-05-15'   group by date
2019-05-15 15:59:02 | DEBUG | 4033 | 5cdbc6c6728c8 | 1557907142.473 | select  date,count(car_number) as count from car_info   where scenic_spot_id = 2 and date between '2019-05-10' and '2019-05-15'   group by date
2019-05-15 16:56:29 | DEBUG | 1014 | 5cdbd43da4a3f | 1557910589.819 | select  date,sum(scattered_ticket_num) as scattered_num,sum(group_ticket_num) as group_num from group_scattered_ticket   where date between '2019-05-09' and '2019-05-15'   group by date
2019-05-15 16:57:16 | DEBUG | 1013 | 5cdbd46c9032f | 1557910636.628 | select  * from group_scattered_ticket   where date = '2019-05-09'
2019-05-15 16:57:16 | DEBUG | 1013 | 5cdbd46c9032f | 1557910636.646 | insert into group_scattered_ticket(date,scattered_ticket_num,group_ticket_num) values('2019-05-09','200','150')
2019-05-15 16:57:33 | DEBUG | 1014 | 5cdbd47d17ada | 1557910653.148 | select  * from group_scattered_ticket   where date = '2019-05-10'
2019-05-15 16:57:33 | DEBUG | 1014 | 5cdbd47d17ada | 1557910653.169 | insert into group_scattered_ticket(date,scattered_ticket_num,group_ticket_num) values('2019-05-10','300','220')
2019-05-15 16:57:55 | DEBUG | 4033 | 5cdbd493ec92d | 1557910675.2 | select  * from group_scattered_ticket   where date = '2019-05-13'
2019-05-15 16:57:56 | DEBUG | 4033 | 5cdbd493ec92d | 1557910676.18 | insert into group_scattered_ticket(date,scattered_ticket_num,group_ticket_num) values('2019-05-13','500','300')
2019-05-15 16:58:10 | DEBUG | 1013 | 5cdbd4a2e6e34 | 1557910690.982 | select  * from group_scattered_ticket   where date = '2019-05-15'
2019-05-15 16:58:10 | DEBUG | 1013 | 5cdbd4a2e6e34 | 1557910690.984 | insert into group_scattered_ticket(date,scattered_ticket_num,group_ticket_num) values('2019-05-15','400','200')
2019-05-15 16:58:15 | DEBUG | 1014 | 5cdbd4a79a8f2 | 1557910695.677 | select  date,sum(scattered_ticket_num) as scattered_num,sum(group_ticket_num) as group_num from group_scattered_ticket   where date between '2019-05-09' and '2019-05-15'   group by date
2019-05-15 16:59:58 | DEBUG | 1013 | 5cdbd50e22b0a | 1557910798.242 | select  date,sum(scattered_ticket_num) as scattered_num,sum(group_ticket_num) as group_num from group_scattered_ticket   where date between '2019-05-09' and '2019-05-15'   group by date
2019-05-15 17:00:15 | DEBUG | 4033 | 5cdbd51f0247c | 1557910815.71 | select  date,sum(scattered_ticket_num) as scattered_num,sum(group_ticket_num) as group_num from group_scattered_ticket   where date between '2019-05-09' and '2019-05-15'   group by date
2019-05-15 17:00:22 | DEBUG | 1014 | 5cdbd525f3cc4 | 1557910822.97 | select  date,sum(scattered_ticket_num) as scattered_num,sum(group_ticket_num) as group_num from group_scattered_ticket   where date between '2019-05-09' and '2019-05-15'   group by date
2019-05-15 17:00:54 | DEBUG | 1013 | 5cdbd546429e2 | 1557910854.273 | select  date,sum(scattered_ticket_num) as scattered_num,sum(group_ticket_num) as group_num from group_scattered_ticket   where date between '2019-05-14' and '2019-05-15'   group by date
2019-05-15 17:01:55 | DEBUG | 4033 | 5cdbd5833b6fc | 1557910915.301 | select  date,sum(scattered_ticket_num) as scattered_num,sum(group_ticket_num) as group_num from group_scattered_ticket   where date between '2019-05-11' and '2019-05-15'   group by date
2019-05-15 17:02:12 | DEBUG | 1014 | 5cdbd594914fd | 1557910932.596 | select  date,sum(scattered_ticket_num) as scattered_num,sum(group_ticket_num) as group_num from group_scattered_ticket   where date between '2019-04-28' and '2019-05-15'   group by date
2019-05-15 17:02:59 | DEBUG | 1013 | 5cdbd5c389f3c | 1557910979.618 | select  date,sum(scattered_ticket_num) as scattered_num,sum(group_ticket_num) as group_num from group_scattered_ticket   where date between '2019-04-28' and '2019-05-15'   group by date
2019-05-15 17:05:09 | DEBUG | 4033 | 5cdbd64506928 | 1557911109.96 | select  date,sum(scattered_ticket_num) as scattered_num,sum(group_ticket_num) as group_num from group_scattered_ticket   where date between '2019-04-28' and '2019-05-15'   group by date
2019-05-15 17:10:02 | DEBUG | 1014 | 5cdbd76acc18c | 1557911402.872 | select  date,sum(scattered_ticket_num) as scattered_num,sum(group_ticket_num) as group_num from group_scattered_ticket   where date between '2019-04-28' and '2019-05-15'   group by date
2019-05-15 17:10:26 | DEBUG | 1013 | 5cdbd782397a3 | 1557911426.236 | select  date,sum(scattered_ticket_num) as scattered_num,sum(group_ticket_num) as group_num from group_scattered_ticket   where date between '2019-04-28' and '2019-05-03'   group by date
2019-05-15 17:11:07 | DEBUG | 4033 | 5cdbd7ab22779 | 1557911467.142 | select  date,sum(scattered_ticket_num) as scattered_num,sum(group_ticket_num) as group_num from group_scattered_ticket   where date between '2019-04-28' and '2019-05-03'   group by date
2019-05-15 17:11:21 | DEBUG | 1014 | 5cdbd7b90ea86 | 1557911481.61 | select  date,sum(scattered_ticket_num) as scattered_num,sum(group_ticket_num) as group_num from group_scattered_ticket   where date between '2019-05-15' and '2019-05-15'   group by date
2019-05-15 17:41:30 | DEBUG | 1013 | 5cdbdec9b6ac2 | 1557913290.34 | select  travel_agency,count(id) as count from visitor_info    group by travel_agency
2019-05-15 17:41:39 | DEBUG | 4033 | 5cdbded37a56e | 1557913299.503 | select  travel_agency,count(id) as count from visitor_info    group by travel_agency
2019-05-15 17:53:20 | DEBUG | 1014 | 5cdbe190e8352 | 1557914000.999 | select  travel_agency,count(id) as count from visitor_info    group by travel_agency    order by count
2019-05-15 17:53:21 | DEBUG | 1014 | 5cdbe190e8352 | 1557914001.45 | select  count(id) as count from visitor_info
2019-05-15 17:53:48 | DEBUG | 1013 | 5cdbe1ac320dc | 1557914028.209 | select  travel_agency,count(id) as count from visitor_info    group by travel_agency    order by count
2019-05-15 17:53:48 | DEBUG | 1013 | 5cdbe1ac320dc | 1557914028.210 | select  count(id) as count from visitor_info
2019-05-15 17:53:56 | DEBUG | 4033 | 5cdbe1b4b68b9 | 1557914036.810 | select  travel_agency,count(id) as count from visitor_info    group by travel_agency    order by count
2019-05-15 17:53:56 | DEBUG | 4033 | 5cdbe1b4b68b9 | 1557914036.811 | select  count(id) as count from visitor_info
2019-05-15 17:54:04 | DEBUG | 1014 | 5cdbe1bc2d33e | 1557914044.277 | select  travel_agency,count(id) as count from visitor_info    group by travel_agency    order by count
2019-05-15 17:54:04 | DEBUG | 1014 | 5cdbe1bc2d33e | 1557914044.278 | select  count(id) as count from visitor_info
2019-05-15 17:55:55 | DEBUG | 1013 | 5cdbe22bdd483 | 1557914155.960 | select  travel_agency,count(id) as count from visitor_info    group by travel_agency    order by count
2019-05-15 17:55:55 | DEBUG | 1013 | 5cdbe22bdd483 | 1557914155.962 | select  count(id) as count from visitor_info
2019-05-15 17:57:10 | DEBUG | 4033 | 5cdbe2761d6b7 | 1557914230.137 | select  * from visitor_info   where travel_agency ='山西旅行社' AND group_num =000002 AND date='2019-05-13'
2019-05-15 17:57:10 | DEBUG | 4033 | 5cdbe2761d6b7 | 1557914230.139 | select  * from visitor_info   where travel_agency ='山西旅行社' AND group_num =000003 AND date='2019-05-14'
2019-05-15 17:57:10 | DEBUG | 4033 | 5cdbe2761d6b7 | 1557914230.140 | select  * from visitor_info   where travel_agency ='山西旅行社' AND group_num =000003 AND date='2019-05-14'
2019-05-15 17:57:10 | DEBUG | 4033 | 5cdbe2761d6b7 | 1557914230.142 | select  * from visitor_info   where travel_agency ='山西旅行社' AND group_num =000004 AND date='2019-05-14'
2019-05-15 17:57:10 | DEBUG | 4033 | 5cdbe2761d6b7 | 1557914230.261 | insert into  `visitor_info`(`date`,`id_card`,`birthday`,`sex`,`travel_agency`,`group_num`) values ('2019-05-13','510524195811050011','1958-11-05','男','山西旅行社','000002'),('2019-05-14','510502195706030715','1957-06-03','男','山西旅行社','000003'),('2019-05-14','510524196008180161','1960-08-18','女','山西旅行社','000003'),('2019-05-14','510502195506200716','1955-06-20','男','山西旅行社','000004')
2019-05-15 17:57:15 | DEBUG | 1013 | 5cdbe27bc5120 | 1557914235.850 | select  travel_agency,count(id) as count from visitor_info    group by travel_agency    order by count
2019-05-15 17:57:15 | DEBUG | 1013 | 5cdbe27bc5120 | 1557914235.851 | select  count(id) as count from visitor_info
2019-05-15 18:27:01 | DEBUG | 1014 | 5cdbe97594670 | 1557916021.722 | select  travel_agency,count(id) as count from visitor_info    group by travel_agency    order by count
2019-05-15 18:27:01 | DEBUG | 1014 | 5cdbe97594670 | 1557916021.724 | select  count(id) as count from visitor_info
2019-05-15 18:27:01 | DEBUG | 1014 | 5cdbe97594670 | 1557916021.726 | select  date,sum(scattered_ticket_num) as scattered_num,sum(group_ticket_num) as group_num from group_scattered_ticket   where date between '2019-05-09' and '2019-05-15'   group by date
2019-05-15 18:38:29 | DEBUG | 1013 | 5cdbec2579abf | 1557916709.582 | select  travel_agency,count(id) as count from visitor_info    group by travel_agency    order by count
2019-05-15 18:38:29 | DEBUG | 1013 | 5cdbec2579abf | 1557916709.584 | select  count(id) as count from visitor_info
2019-05-15 18:38:29 | DEBUG | 1013 | 5cdbec2579abf | 1557916709.586 | select  date,sum(scattered_ticket_num) as scattered_num,sum(group_ticket_num) as group_num from group_scattered_ticket   where date between '2019-05-09' and '2019-05-15'   group by date
2019-05-15 18:39:05 | DEBUG | 4033 | 5cdbec495c3b7 | 1557916745.426 | select  travel_agency,count(id) as count from visitor_info    group by travel_agency    order by count desc
2019-05-15 18:39:05 | DEBUG | 4033 | 5cdbec495c3b7 | 1557916745.427 | select  count(id) as count from visitor_info
2019-05-15 18:39:05 | DEBUG | 4033 | 5cdbec495c3b7 | 1557916745.427 | select  date,sum(scattered_ticket_num) as scattered_num,sum(group_ticket_num) as group_num from group_scattered_ticket   where date between '2019-05-09' and '2019-05-15'   group by date
2019-05-15 19:01:10 | DEBUG | 1014 | 5cdbf1765c4e3 | 1557918070.814 | select  * from visitor_info   where travel_agency ='江苏旅行社' AND group_num =000002 AND date='2019-05-13'
2019-05-15 19:01:10 | DEBUG | 1014 | 5cdbf1765c4e3 | 1557918070.817 | select  * from visitor_info   where travel_agency ='江苏旅行社' AND group_num =000003 AND date='2019-05-14'
2019-05-15 19:01:10 | DEBUG | 1014 | 5cdbf1765c4e3 | 1557918070.821 | select  * from visitor_info   where travel_agency ='江苏旅行社' AND group_num =000003 AND date='2019-05-14'
2019-05-15 19:01:10 | DEBUG | 1014 | 5cdbf1765c4e3 | 1557918070.824 | select  * from visitor_info   where travel_agency ='江苏旅行社' AND group_num =000004 AND date='2019-05-14'
2019-05-15 19:01:10 | DEBUG | 1014 | 5cdbf1765c4e3 | 1557918070.977 | insert into  `visitor_info`(`date`,`id_card`,`birthday`,`sex`,`travel_agency`,`group_num`,`province`) values ('2019-05-13','510524195811050011','1958-11-05','男','江苏旅行社','000002','四川'),('2019-05-14','510502195706030715','1957-06-03','男','江苏旅行社','000003','四川'),('2019-05-14','510524196008180161','1960-08-18','女','江苏旅行社','000003','四川'),('2019-05-14','510502195506200716','1955-06-20','男','江苏旅行社','000004','四川')
2019-05-15 19:33:28 | DEBUG | 4033 | 5cdbf9088e37d | 1557920008.617 | select  travel_agency,count(id) as count from visitor_info    group by travel_agency    order by count desc
2019-05-15 19:33:28 | DEBUG | 4033 | 5cdbf9088e37d | 1557920008.617 | select  count(id) as count from visitor_info
2019-05-15 19:33:28 | DEBUG | 4033 | 5cdbf9088e37d | 1557920008.617 | execute error: select  travel_agency,count(id) as count from visitor_info   where province = '山西' AND date = '2019-05-15'     order by count desc  limit 3  offset 0
2019-05-15 19:34:53 | DEBUG | 1013 | 5cdbf95dbbeee | 1557920093.773 | select  travel_agency,count(id) as count from visitor_info    group by travel_agency    order by count desc
2019-05-15 19:34:53 | DEBUG | 1013 | 5cdbf95dbbeee | 1557920093.774 | select  count(id) as count from visitor_info
2019-05-15 19:34:53 | DEBUG | 1013 | 5cdbf95dbbeee | 1557920093.774 | execute error: select  travel_agency,count(id) as count from visitor_info   where province = '山西' AND date = '2019-05-15'     order by count desc  limit 3  offset 0
2019-05-15 19:35:37 | DEBUG | 1014 | 5cdbf989d1e0a | 1557920137.863 | select  travel_agency,count(id) as count from visitor_info    group by travel_agency    order by count desc
2019-05-15 19:35:37 | DEBUG | 1014 | 5cdbf989d1e0a | 1557920137.864 | select  count(id) as count from visitor_info
2019-05-15 19:35:37 | DEBUG | 1014 | 5cdbf989d1e0a | 1557920137.865 | select  travel_agency,count(id) as count from visitor_info   where province = '山西' AND date = '2019-05-15'   group by travel_agency    order by count desc  limit 3  offset 0
2019-05-15 19:35:57 | DEBUG | 4033 | 5cdbf99d0ad34 | 1557920157.46 | select  travel_agency,count(id) as count from visitor_info    group by travel_agency    order by count desc
2019-05-15 19:35:57 | DEBUG | 4033 | 5cdbf99d0ad34 | 1557920157.47 | select  count(id) as count from visitor_info
2019-05-15 19:35:57 | DEBUG | 4033 | 5cdbf99d0ad34 | 1557920157.48 | select  travel_agency,count(id) as count from visitor_info   where province = '四川' AND date = '2019-05-15'   group by travel_agency    order by count desc  limit 3  offset 0
2019-05-15 19:36:22 | DEBUG | 1013 | 5cdbf9b6386c3 | 1557920182.235 | select  travel_agency,count(id) as count from visitor_info    group by travel_agency    order by count desc
2019-05-15 19:36:22 | DEBUG | 1013 | 5cdbf9b6386c3 | 1557920182.236 | select  count(id) as count from visitor_info
2019-05-15 19:36:22 | DEBUG | 1013 | 5cdbf9b6386c3 | 1557920182.237 | select  travel_agency,count(id) as count from visitor_info   where province = '四川' AND date = '2019-05-15'   group by travel_agency    order by count desc  limit 3  offset 0
2019-05-15 19:38:05 | DEBUG | 1014 | 5cdbfa1d95765 | 1557920285.616 | select  travel_agency,count(id) as count from visitor_info    group by travel_agency    order by count desc
2019-05-15 19:38:05 | DEBUG | 1014 | 5cdbfa1d95765 | 1557920285.617 | select  count(id) as count from visitor_info
2019-05-15 19:38:18 | DEBUG | 4033 | 5cdbfa2a4b7b9 | 1557920298.312 | select  travel_agency,count(id) as count from visitor_info    group by travel_agency    order by count desc
2019-05-15 19:38:18 | DEBUG | 4033 | 5cdbfa2a4b7b9 | 1557920298.313 | select  count(id) as count from visitor_info
2019-05-15 19:38:18 | DEBUG | 4033 | 5cdbfa2a4b7b9 | 1557920298.315 | select  travel_agency,count(id) as count from visitor_info   where province = '四川' AND date = '2019-05-15'   group by travel_agency    order by count desc  limit 3  offset 0
2019-05-15 19:42:34 | DEBUG | 1013 | 5cdbfb2a4b353 | 1557920554.311 | select  travel_agency,count(id) as count from visitor_info    group by travel_agency    order by count desc
2019-05-15 19:42:34 | DEBUG | 1013 | 5cdbfb2a4b353 | 1557920554.312 | select  count(id) as count from visitor_info
2019-05-15 19:42:34 | DEBUG | 1013 | 5cdbfb2a4b353 | 1557920554.313 | select  travel_agency,count(id) as count from visitor_info   where province = '四川' AND date = '2019-05-15'   group by travel_agency    order by count desc  limit 3  offset 0
2019-05-15 19:42:34 | DEBUG | 1013 | 5cdbfb2a4b353 | 1557920554.315 | select  sex,count(id) as count from visitor_info   where province = '四川' AND date = '2019-05-15'   group by sex
2019-05-15 19:45:28 | DEBUG | 1014 | 5cdbfbd89def4 | 1557920728.649 | select  travel_agency,count(id) as count from visitor_info    group by travel_agency    order by count desc
2019-05-15 19:45:28 | DEBUG | 1014 | 5cdbfbd89def4 | 1557920728.650 | select  count(id) as count from visitor_info
2019-05-15 19:45:28 | DEBUG | 1014 | 5cdbfbd89def4 | 1557920728.651 | select  travel_agency,count(id) as count from visitor_info   where province = '四川' AND date = '2019-05-15'   group by travel_agency    order by count desc  limit 3  offset 0
2019-05-15 19:45:28 | DEBUG | 1014 | 5cdbfbd89def4 | 1557920728.651 | select  sex,count(id) as count from visitor_info   where province = '四川' AND date = '2019-05-15'   group by sex
2019-05-15 19:46:48 | DEBUG | 4033 | 5cdbfc2868c8b | 1557920808.433 | select  travel_agency,count(id) as count from visitor_info    group by travel_agency    order by count desc
2019-05-15 19:46:48 | DEBUG | 4033 | 5cdbfc2868c8b | 1557920808.434 | select  count(id) as count from visitor_info
2019-05-15 19:46:48 | DEBUG | 4033 | 5cdbfc2868c8b | 1557920808.435 | select  travel_agency,count(id) as count from visitor_info   where province = '四川' AND date = '2019-05-15'   group by travel_agency    order by count desc  limit 3  offset 0
2019-05-15 19:46:48 | DEBUG | 4033 | 5cdbfc2868c8b | 1557920808.436 | select  sex,count(id) as count from visitor_info   where province = '四川' AND date = '2019-05-15'   group by sex
2019-05-15 19:49:19 | DEBUG | 1013 | 5cdbfcbf680b5 | 1557920959.497 | select  travel_agency,count(id) as count from visitor_info    group by travel_agency    order by count desc
2019-05-15 19:49:19 | DEBUG | 1013 | 5cdbfcbf680b5 | 1557920959.499 | select  count(id) as count from visitor_info
2019-05-15 19:49:19 | DEBUG | 1013 | 5cdbfcbf680b5 | 1557920959.502 | select  travel_agency,count(id) as count from visitor_info   where province = '四川' AND date = '2019-05-15'   group by travel_agency    order by count desc  limit 3  offset 0
2019-05-15 19:49:19 | DEBUG | 1013 | 5cdbfcbf680b5 | 1557920959.504 | select  sex,count(id) as count from visitor_info   where province = '四川' AND date = '2019-05-15'   group by sex
